{"level":"error","message":"FFmpeg process error: Error: spawn ffmpeg ENOENT","timestamp":"2025-04-27T14:58:11.302Z"}
{"level":"error","message":"Failed to create video for content: Error: FFmpeg process error: Error: spawn ffmpeg ENOENT","timestamp":"2025-04-27T14:58:11.303Z"}
{"level":"error","message":"Failed to process news item 57e70611f495229d: Error: Failed to create video for content: Error: FFmpeg process error: Error: spawn ffmpeg ENOENT","timestamp":"2025-04-27T14:58:11.303Z"}
{"level":"error","message":"FFmpeg process exited with code -4058","timestamp":"2025-04-27T14:58:11.308Z"}
{"level":"error","message":"FFmpeg logs: ","timestamp":"2025-04-27T14:58:11.308Z"}
{"level":"error","message":"Error in news processing cycle: TypeError: videoProcessor_1.VideoProcessor is not a constructor","timestamp":"2025-04-28T09:41:39.649Z"}
{"level":"error","message":"Error in news processing cycle: TypeError [ERR_INVALID_ARG_TYPE]: The \"path\" argument must be of type string. Received an instance of Object","timestamp":"2025-04-28T15:40:40.405Z"}
{"level":"error","message":"Error in news processing cycle: TypeError [ERR_INVALID_ARG_TYPE]: The \"path\" argument must be of type string. Received an instance of Object","timestamp":"2025-04-28T15:46:15.559Z"}
{"level":"error","message":"Error in news processing cycle: TypeError [ERR_INVALID_ARG_TYPE]: The \"path\" argument must be of type string. Received an instance of Object","timestamp":"2025-04-28T15:46:30.299Z"}
{"level":"error","message":"Error in news processing cycle: TypeError [ERR_INVALID_ARG_TYPE]: The \"path\" argument must be of type string. Received an instance of Object","timestamp":"2025-04-28T15:47:31.942Z"}
{"level":"error","message":"Error in news processing cycle: TypeError [ERR_INVALID_ARG_TYPE]: The \"path\" argument must be of type string. Received an instance of Object","timestamp":"2025-04-28T15:50:03.549Z"}
{"level":"error","message":"Error in news processing cycle: TypeError [ERR_INVALID_ARG_TYPE]: The \"path\" argument must be of type string. Received an instance of Object","timestamp":"2025-04-28T16:07:27.861Z"}
{"level":"error","message":"Error in news processing cycle: TypeError [ERR_INVALID_ARG_TYPE]: The \"path\" argument must be of type string. Received an instance of Object","timestamp":"2025-04-28T16:08:10.614Z"}
{"level":"error","message":"Error in news processing cycle: TypeError [ERR_INVALID_ARG_TYPE]: The \"path\" argument must be of type string. Received an instance of Object","timestamp":"2025-04-28T16:08:30.285Z"}
{"level":"error","message":"Error in news processing cycle: TypeError [ERR_INVALID_ARG_TYPE]: The \"path\" argument must be of type string. Received an instance of Object","timestamp":"2025-04-28T16:10:02.147Z"}
{"level":"error","message":"Error in news processing cycle: TypeError [ERR_INVALID_ARG_TYPE]: The \"path\" argument must be of type string. Received an instance of Object","timestamp":"2025-04-28T16:11:02.409Z"}
{"level":"error","message":"Error in news processing cycle: TypeError [ERR_INVALID_ARG_TYPE]: The \"path\" argument must be of type string. Received an instance of Object","timestamp":"2025-04-28T16:11:37.327Z"}
{"level":"error","message":"Error in news processing cycle: TypeError [ERR_INVALID_ARG_TYPE]: The \"path\" argument must be of type string. Received an instance of Object","timestamp":"2025-04-28T16:13:26.016Z"}
{"level":"error","message":"Error in news processing cycle: TypeError [ERR_INVALID_ARG_TYPE]: The \"path\" argument must be of type string. Received an instance of Object","timestamp":"2025-04-28T16:14:28.816Z"}
{"level":"error","message":"Error in news processing cycle: TypeError [ERR_INVALID_ARG_TYPE]: The \"path\" argument must be of type string. Received an instance of Object","timestamp":"2025-04-28T16:15:50.801Z"}
{"level":"error","message":"Error in news processing cycle: TypeError [ERR_INVALID_ARG_TYPE]: The \"path\" argument must be of type string. Received an instance of Object","timestamp":"2025-04-28T16:16:45.770Z"}
{"level":"error","message":"Error in news processing cycle: TypeError [ERR_INVALID_ARG_TYPE]: The \"path\" argument must be of type string. Received an instance of Object","timestamp":"2025-04-28T16:16:56.816Z"}
{"level":"error","message":"Error in news processing cycle: TypeError [ERR_INVALID_ARG_TYPE]: The \"path\" argument must be of type string. Received an instance of Object","timestamp":"2025-04-28T16:17:13.680Z"}
{"level":"error","message":"Error in news processing cycle: TypeError [ERR_INVALID_ARG_TYPE]: The \"path\" argument must be of type string. Received an instance of Object","timestamp":"2025-04-28T16:17:22.751Z"}
{"level":"error","message":"Error in news processing cycle: TypeError [ERR_INVALID_ARG_TYPE]: The \"path\" argument must be of type string. Received an instance of Object","timestamp":"2025-04-28T16:17:28.064Z"}
{"level":"error","message":"Error in news processing cycle: TypeError [ERR_INVALID_ARG_TYPE]: The \"path\" argument must be of type string. Received an instance of Object","timestamp":"2025-04-28T16:17:31.220Z"}
{"level":"error","message":"Error in news processing cycle: TypeError [ERR_INVALID_ARG_TYPE]: The \"path\" argument must be of type string. Received an instance of Object","timestamp":"2025-04-28T16:17:36.910Z"}
{"level":"error","message":"Error in news processing cycle: TypeError [ERR_INVALID_ARG_TYPE]: The \"path\" argument must be of type string. Received an instance of Object","timestamp":"2025-04-28T16:17:40.088Z"}
{"level":"error","message":"Error in news processing cycle: TypeError [ERR_INVALID_ARG_TYPE]: The \"path\" argument must be of type string. Received an instance of Object","timestamp":"2025-04-28T16:17:45.159Z"}
{"level":"error","message":"Error getting video duration: Error: Cannot find ffprobe","timestamp":"2025-04-28T16:23:59.357Z"}
{"level":"error","message":"Error getting video duration: Error: Cannot find ffprobe","timestamp":"2025-04-28T21:51:19.491Z"}
{"level":"error","message":"Error getting video duration: Error: Cannot find ffprobe","timestamp":"2025-04-28T21:53:41.536Z"}
{"level":"error","message":"Error getting video duration: Error: Cannot find ffprobe","timestamp":"2025-04-28T21:55:55.090Z"}
{"level":"error","message":"Error getting video duration: Error: Cannot find ffprobe","timestamp":"2025-04-28T22:07:36.558Z"}
{"level":"error","message":"Error getting video duration: Error: Cannot find ffprobe","timestamp":"2025-04-28T22:09:21.487Z"}
{"level":"error","message":"Error getting video duration: Error: Cannot find ffprobe","timestamp":"2025-04-28T22:13:00.133Z"}
{"level":"error","message":"Error getting video duration: Error: Cannot find ffprobe","timestamp":"2025-04-28T22:19:01.883Z"}
{"level":"error","message":"Error getting video duration: Error: Cannot find ffprobe","timestamp":"2025-04-28T22:24:59.176Z"}
{"level":"error","message":"Error getting video duration: Error: Cannot find ffprobe","timestamp":"2025-04-28T22:26:24.719Z"}
{"level":"error","message":"Error getting video duration: Error: Cannot find ffprobe","timestamp":"2025-04-28T22:27:44.382Z"}
{"level":"error","message":"Error getting video duration: Error: Cannot find ffprobe","timestamp":"2025-04-28T22:29:41.399Z"}
{"level":"error","message":"Error getting video duration: Error: Cannot find ffprobe","timestamp":"2025-04-28T22:31:09.143Z"}
{"level":"error","message":"Error getting video duration: Error: Cannot find ffprobe","timestamp":"2025-04-28T22:32:27.552Z"}
{"level":"error","message":"Error getting video duration: Error: Cannot find ffprobe","timestamp":"2025-04-28T22:33:59.955Z"}
{"level":"error","message":"Error getting video duration: Error: Cannot find ffprobe","timestamp":"2025-04-28T22:35:18.495Z"}
{"level":"error","message":"Error getting video duration: Error: Cannot find ffprobe","timestamp":"2025-04-28T22:57:45.783Z"}
{"level":"error","message":"Error getting video duration: Error: Cannot find ffprobe","timestamp":"2025-04-28T22:59:04.118Z"}
{"level":"error","message":"Error getting video duration: Error: Cannot find ffprobe","timestamp":"2025-04-28T23:22:53.748Z"}
{"level":"error","message":"Error getting video duration: Error: Cannot find ffprobe","timestamp":"2025-04-28T23:24:25.202Z"}
{"level":"error","message":"Error getting video duration: Error: Cannot find ffprobe","timestamp":"2025-04-28T23:26:15.017Z"}
{"level":"error","message":"Error getting video duration: Error: Cannot find ffprobe","timestamp":"2025-04-28T23:27:34.209Z"}
{"level":"error","message":"Error getting video duration: Error: Cannot find ffprobe","timestamp":"2025-04-28T23:29:25.587Z"}
{"level":"error","message":"Error getting video duration: Error: Cannot find ffprobe","timestamp":"2025-04-29T09:14:07.716Z"}
{"level":"error","message":"Pixabay API error: AxiosError: Request failed with status code 400","timestamp":"2025-04-29T09:22:16.764Z"}
{"level":"error","message":"Error getting video duration: Error: Cannot find ffprobe","timestamp":"2025-04-29T09:24:01.296Z"}
{"level":"error","message":"Pixabay API error: AxiosError: Request failed with status code 400","timestamp":"2025-04-29T09:24:08.644Z"}
{"level":"error","message":"Failed to download image from https://www.google.com/s2/favicons?domain=tessakoumoundouros.com&sz=128: AxiosError: Request failed with status code 404","timestamp":"2025-04-29T09:24:09.274Z"}
{"level":"error","message":"Failed to download image from https://www.google.com/s2/favicons?domain=tessakoumoundouros.org&sz=128: AxiosError: Request failed with status code 404","timestamp":"2025-04-29T09:24:09.591Z"}
{"level":"error","message":"Failed to download image from https://www.google.com/s2/favicons?domain=tessakoumoundouros.net&sz=128: AxiosError: Request failed with status code 404","timestamp":"2025-04-29T09:24:10.171Z"}
{"level":"error","message":"Failed to download image from https://www.google.com/s2/favicons?domain=www.tessakoumoundouros.com&sz=128: AxiosError: Request failed with status code 404","timestamp":"2025-04-29T09:24:10.492Z"}
{"level":"error","message":"Error getting video duration: Error: Cannot find ffprobe","timestamp":"2025-04-29T09:25:26.601Z"}
{"level":"error","message":"Pixabay API error: AxiosError: Request failed with status code 400","timestamp":"2025-04-29T09:25:33.488Z"}
{"level":"error","message":"Error getting video duration: Error: Cannot find ffprobe","timestamp":"2025-04-29T09:27:22.627Z"}
{"level":"error","message":"Pixabay API error: AxiosError: Request failed with status code 400","timestamp":"2025-04-29T09:27:30.738Z"}
{"level":"error","message":"Failed to download image from https://www.google.com/s2/favicons?domain=michellestarr.com&sz=128: AxiosError: Request failed with status code 404","timestamp":"2025-04-29T09:27:31.209Z"}
{"level":"error","message":"Failed to download image from https://www.google.com/s2/favicons?domain=michellestarr.org&sz=128: AxiosError: Request failed with status code 404","timestamp":"2025-04-29T09:27:31.515Z"}
{"level":"error","message":"Failed to download image from https://www.google.com/s2/favicons?domain=michellestarr.net&sz=128: AxiosError: Request failed with status code 404","timestamp":"2025-04-29T09:27:32.056Z"}
{"level":"error","message":"Failed to download image from https://www.google.com/s2/favicons?domain=www.michellestarr.com&sz=128: AxiosError: Request failed with status code 404","timestamp":"2025-04-29T09:27:32.529Z"}
{"level":"error","message":"Error getting video duration: Error: Cannot find ffprobe","timestamp":"2025-04-29T09:28:39.371Z"}
{"level":"error","message":"Failed to download image from https://www.google.com/s2/favicons?domain=davidnield.com&sz=128: AxiosError: Request failed with status code 404","timestamp":"2025-04-29T09:28:47.470Z"}
{"level":"error","message":"Failed to download image from https://www.google.com/s2/favicons?domain=davidnield.org&sz=128: AxiosError: Request failed with status code 404","timestamp":"2025-04-29T09:28:47.946Z"}
{"level":"error","message":"Failed to download image from https://www.google.com/s2/favicons?domain=davidnield.net&sz=128: AxiosError: Request failed with status code 404","timestamp":"2025-04-29T09:28:48.292Z"}
{"level":"error","message":"Failed to download image from https://www.google.com/s2/favicons?domain=www.davidnield.com&sz=128: AxiosError: Request failed with status code 404","timestamp":"2025-04-29T09:28:48.769Z"}
{"level":"error","message":"Error getting video duration: Error: Cannot find ffprobe","timestamp":"2025-04-29T09:30:18.963Z"}
{"level":"error","message":"Pixabay API error: AxiosError: Request failed with status code 400","timestamp":"2025-04-29T09:32:54.468Z"}
{"level":"error","message":"Error getting video duration: Error: Cannot find ffprobe","timestamp":"2025-04-29T09:34:22.719Z"}
{"level":"error","message":"Pixabay API error: AxiosError: Request failed with status code 400","timestamp":"2025-04-29T09:34:28.944Z"}
{"level":"error","message":"Error getting video duration: Error: Cannot find ffprobe","timestamp":"2025-04-29T09:35:46.368Z"}
{"level":"error","message":"Pixabay API error: AxiosError: Request failed with status code 400","timestamp":"2025-04-29T09:35:52.658Z"}
{"level":"error","message":"Error getting video duration: Error: Cannot find ffprobe","timestamp":"2025-04-29T09:37:16.977Z"}
{"level":"error","message":"Pixabay API error: AxiosError: Request failed with status code 400","timestamp":"2025-04-29T09:37:23.736Z"}
{"level":"error","message":"Error getting video duration: Error: Cannot find ffprobe","timestamp":"2025-04-29T09:38:41.503Z"}
{"level":"error","message":"Error getting video duration: Error: Cannot find ffprobe","timestamp":"2025-04-29T09:40:37.693Z"}
{"level":"error","message":"Pixabay API error: AxiosError: Request failed with status code 400","timestamp":"2025-04-29T09:47:14.054Z"}
{"level":"error","message":"Error getting video duration: Error: Cannot find ffprobe","timestamp":"2025-04-29T09:48:27.921Z"}
{"level":"error","message":"Failed to generate speech: AxiosError: Request failed with status code 429","timestamp":"2025-04-29T09:48:34.772Z"}
{"level":"error","message":"Failed to process news item 796171a5ea39c4c9: Error: Failed to generate speech: AxiosError: Request failed with status code 429","timestamp":"2025-04-29T09:48:34.772Z"}
{"level":"error","message":"Failed to generate speech: AxiosError: Request failed with status code 429","timestamp":"2025-04-29T09:48:41.015Z"}
{"level":"error","message":"Failed to process news item a58c10dfe2454bea: Error: Failed to generate speech: AxiosError: Request failed with status code 429","timestamp":"2025-04-29T09:48:41.016Z"}
{"level":"error","message":"Failed to generate speech: AxiosError: Request failed with status code 429","timestamp":"2025-04-29T09:48:47.500Z"}
{"level":"error","message":"Failed to process news item da2ad2fc3acd63a9: Error: Failed to generate speech: AxiosError: Request failed with status code 429","timestamp":"2025-04-29T09:48:47.500Z"}
{"level":"error","message":"Failed to generate speech: AxiosError: Request failed with status code 429","timestamp":"2025-04-29T09:48:54.637Z"}
{"level":"error","message":"Failed to process news item 7be7cb6eb4caa633: Error: Failed to generate speech: AxiosError: Request failed with status code 429","timestamp":"2025-04-29T09:48:54.637Z"}
{"level":"error","message":"Pixabay API error: AxiosError: Request failed with status code 400","timestamp":"2025-04-29T09:52:36.167Z"}
{"level":"error","message":"Error getting video duration: Error: Cannot find ffprobe","timestamp":"2025-04-29T09:53:33.515Z"}
{"level":"error","message":"Pixabay API error: AxiosError: Request failed with status code 400","timestamp":"2025-04-29T09:53:39.926Z"}
{"level":"error","message":"Pixabay API error: AxiosError: Request failed with status code 400","timestamp":"2025-04-29T09:55:56.463Z"}
{"level":"error","message":"Error getting video duration: Error: Cannot find ffprobe","timestamp":"2025-04-29T09:57:24.747Z"}
{"level":"error","message":"Error getting video duration: Error: Cannot find ffprobe","timestamp":"2025-04-29T09:58:44.372Z"}
{"level":"error","message":"Error getting video duration: Error: Cannot find ffprobe","timestamp":"2025-04-29T10:06:51.382Z"}
{"level":"error","message":"Error processing image: Error: Input file contains unsupported image format","timestamp":"2025-04-29T10:13:18.516Z"}
{"level":"error","message":"Error getting video duration: Error: Cannot find ffprobe","timestamp":"2025-04-29T10:15:49.068Z"}
{"level":"error","message":"Error getting video duration: Error: Cannot find ffprobe","timestamp":"2025-04-29T10:16:55.968Z"}
{"level":"error","message":"Error getting video duration: Error: Cannot find ffprobe","timestamp":"2025-04-29T10:18:18.824Z"}
{"level":"error","message":"Failed to download image from x-raw-image:///fca1bd8c36a3f859e01ff8910816263bab05ae8af80f75e319c2c80222c5e426: AxiosError: Unsupported protocol x-raw-image:","timestamp":"2025-04-29T15:52:19.999Z"}
{"level":"error","message":"Failed to download image from x-raw-image:///8176a6150dd64e740813f0d45a1f5b27222470bc02e629b49f89d5c457e540f6: AxiosError: Unsupported protocol x-raw-image:","timestamp":"2025-04-29T15:52:20.000Z"}
{"level":"error","message":"Error getting video duration: Error: Cannot find ffprobe","timestamp":"2025-04-29T15:54:27.790Z"}
{"level":"error","message":"Error getting video duration: Error: Cannot find ffprobe","timestamp":"2025-04-29T15:56:52.261Z"}
{"level":"error","message":"Failed to download image from x-raw-image:///fca1bd8c36a3f859e01ff8910816263bab05ae8af80f75e319c2c80222c5e426: AxiosError: Unsupported protocol x-raw-image:","timestamp":"2025-04-29T15:59:45.820Z"}
{"level":"error","message":"Error getting video duration: Error: Cannot find ffprobe","timestamp":"2025-04-29T16:01:25.651Z"}
{"level":"error","message":"Failed to download image from x-raw-image:///fca1bd8c36a3f859e01ff8910816263bab05ae8af80f75e319c2c80222c5e426: AxiosError: Unsupported protocol x-raw-image:","timestamp":"2025-04-29T16:04:39.361Z"}
{"level":"error","message":"Failed to download image from x-raw-image:///8176a6150dd64e740813f0d45a1f5b27222470bc02e629b49f89d5c457e540f6: AxiosError: Unsupported protocol x-raw-image:","timestamp":"2025-04-29T16:04:39.362Z"}
{"level":"error","message":"Failed to download image from x-raw-image:///972764c4f4201e3615a2f395581852f4a6fdebd55d3fb77ea3f092fe3055a0f2: AxiosError: Unsupported protocol x-raw-image:","timestamp":"2025-04-29T16:04:39.363Z"}
{"level":"error","message":"Failed to download image from x-raw-image:///bc3fdda02efa48411cd83791e94fa8fc4c02f5dd27d47affa9d2b12cc9880885: AxiosError: Unsupported protocol x-raw-image:","timestamp":"2025-04-29T16:04:39.364Z"}
{"level":"error","message":"Failed to download image from x-raw-image:///deb03703f97e0fe3855352ff136e3289d036aa80858079ede5bdd17e41e8c3f2: AxiosError: Unsupported protocol x-raw-image:","timestamp":"2025-04-29T16:04:39.365Z"}
{"level":"error","message":"Failed to download image from x-raw-image:///fca1bd8c36a3f859e01ff8910816263bab05ae8af80f75e319c2c80222c5e426: AxiosError: Unsupported protocol x-raw-image:","timestamp":"2025-04-29T16:04:39.740Z"}
{"level":"error","message":"Failed to download image from x-raw-image:///8176a6150dd64e740813f0d45a1f5b27222470bc02e629b49f89d5c457e540f6: AxiosError: Unsupported protocol x-raw-image:","timestamp":"2025-04-29T16:04:39.741Z"}
{"level":"error","message":"Failed to download image from x-raw-image:///972764c4f4201e3615a2f395581852f4a6fdebd55d3fb77ea3f092fe3055a0f2: AxiosError: Unsupported protocol x-raw-image:","timestamp":"2025-04-29T16:04:39.742Z"}
{"level":"error","message":"Failed to download image from x-raw-image:///bc3fdda02efa48411cd83791e94fa8fc4c02f5dd27d47affa9d2b12cc9880885: AxiosError: Unsupported protocol x-raw-image:","timestamp":"2025-04-29T16:04:39.743Z"}
{"level":"error","message":"Failed to download image from x-raw-image:///deb03703f97e0fe3855352ff136e3289d036aa80858079ede5bdd17e41e8c3f2: AxiosError: Unsupported protocol x-raw-image:","timestamp":"2025-04-29T16:04:39.744Z"}
{"level":"error","message":"Failed to download image from https://lookaside.fbsbx.com/lookaside/crawler/media/?media_id=1877264513009786: Error: Downloaded file too small or empty","timestamp":"2025-04-29T16:04:40.742Z"}
{"level":"error","message":"Error getting video duration: Error: Cannot find ffprobe","timestamp":"2025-04-29T16:06:42.608Z"}
{"level":"error","message":"Failed to download image from x-raw-image:///a5ebe2e9725eb973f8471d75e31af9081b00ebd43f98f94ecb7b816b2ab6aba5: AxiosError: Unsupported protocol x-raw-image:","timestamp":"2025-04-29T16:12:39.740Z"}
{"level":"error","message":"Failed to download image from x-raw-image:///aa7527fb8606552a16be69e3d831a74653a8a2749c24f1a01743d611e8d70529: AxiosError: Unsupported protocol x-raw-image:","timestamp":"2025-04-29T16:12:39.746Z"}
{"level":"error","message":"Error getting video duration: Error: Cannot find ffprobe","timestamp":"2025-04-29T16:15:06.993Z"}
{"level":"error","message":"Error getting video duration: Error: Cannot find ffprobe","timestamp":"2025-04-29T16:17:42.713Z"}
{"level":"error","message":"Error getting video duration: Error: Cannot find ffprobe","timestamp":"2025-04-29T16:20:14.978Z"}
{"level":"error","message":"Error getting video duration: Error: Cannot find ffprobe","timestamp":"2025-04-29T16:23:02.594Z"}
{"level":"error","message":"Failed to download image from x-raw-image:///f17ebc8f7ed8c72169a06c47c224080be70b143f89232c567184a3a856703841: AxiosError: Unsupported protocol x-raw-image:","timestamp":"2025-04-29T16:28:14.909Z"}
{"level":"error","message":"Failed to download image from x-raw-image:///d938f433c262b231ee0017af161d2f32a48a05ab3d0a0bc5d6899e8679133510: AxiosError: Unsupported protocol x-raw-image:","timestamp":"2025-04-29T16:28:14.911Z"}
{"level":"error","message":"Failed to download image from x-raw-image:///8284ed51da2a2b8ac30db7bb894c691fb45b7162e7c941557b27214db990216a: AxiosError: Unsupported protocol x-raw-image:","timestamp":"2025-04-29T16:28:14.912Z"}
{"level":"error","message":"Failed to download image from x-raw-image:///881ee55cb74800e8c705663af56045c2b86f49d9363ff45abe60997378aea216: AxiosError: Unsupported protocol x-raw-image:","timestamp":"2025-04-29T16:28:14.913Z"}
{"level":"error","message":"Failed to download image from x-raw-image:///39501f4226a8dd302fdfbb8261fa003616a101ffbb421e60909a5a679879a841: AxiosError: Unsupported protocol x-raw-image:","timestamp":"2025-04-29T16:28:14.915Z"}
{"level":"error","message":"Failed to download image from x-raw-image:///c743a269aac92d914add531dc17fd81d25022507fbe71f1d0371a9b8e6c34bbc: AxiosError: Unsupported protocol x-raw-image:","timestamp":"2025-04-29T16:28:14.917Z"}
{"level":"error","message":"Failed to download image from x-raw-image:///018023bba7dddc0268cdc5ef36a2c97b3919ae0a179506a54e41ad4e3b25e8f6: AxiosError: Unsupported protocol x-raw-image:","timestamp":"2025-04-29T16:28:14.919Z"}
{"level":"error","message":"Failed to download image from x-raw-image:///f17ebc8f7ed8c72169a06c47c224080be70b143f89232c567184a3a856703841: AxiosError: Unsupported protocol x-raw-image:","timestamp":"2025-04-29T16:28:15.277Z"}
{"level":"error","message":"Failed to download image from x-raw-image:///d938f433c262b231ee0017af161d2f32a48a05ab3d0a0bc5d6899e8679133510: AxiosError: Unsupported protocol x-raw-image:","timestamp":"2025-04-29T16:28:15.279Z"}
{"level":"error","message":"Failed to download image from x-raw-image:///8284ed51da2a2b8ac30db7bb894c691fb45b7162e7c941557b27214db990216a: AxiosError: Unsupported protocol x-raw-image:","timestamp":"2025-04-29T16:28:15.280Z"}
{"level":"error","message":"Failed to download image from x-raw-image:///881ee55cb74800e8c705663af56045c2b86f49d9363ff45abe60997378aea216: AxiosError: Unsupported protocol x-raw-image:","timestamp":"2025-04-29T16:28:15.281Z"}
{"level":"error","message":"Failed to download image from x-raw-image:///39501f4226a8dd302fdfbb8261fa003616a101ffbb421e60909a5a679879a841: AxiosError: Unsupported protocol x-raw-image:","timestamp":"2025-04-29T16:28:15.282Z"}
{"level":"error","message":"Failed to download image from x-raw-image:///c743a269aac92d914add531dc17fd81d25022507fbe71f1d0371a9b8e6c34bbc: AxiosError: Unsupported protocol x-raw-image:","timestamp":"2025-04-29T16:28:15.283Z"}
{"level":"error","message":"Failed to download image from x-raw-image:///018023bba7dddc0268cdc5ef36a2c97b3919ae0a179506a54e41ad4e3b25e8f6: AxiosError: Unsupported protocol x-raw-image:","timestamp":"2025-04-29T16:28:15.284Z"}
{"level":"error","message":"Failed to download image from https://lookaside.fbsbx.com/lookaside/crawler/media/?media_id=1877264513009786: Error: Downloaded file too small or empty","timestamp":"2025-04-29T16:28:16.277Z"}
{"level":"error","message":"Error getting video duration: Error: Cannot find ffprobe","timestamp":"2025-04-29T16:30:25.492Z"}
{"level":"error","message":"Failed to download image from https://lookaside.fbsbx.com/lookaside/crawler/media/?media_id=1877264513009786: Error: Downloaded file too small or empty","timestamp":"2025-04-29T20:17:08.228Z"}
{"level":"error","message":"Error getting video duration: Error: Cannot find ffprobe","timestamp":"2025-04-29T20:17:41.545Z"}
{"level":"error","message":"Failed to download image from x-raw-image:///972764c4f4201e3615a2f395581852f4a6fdebd55d3fb77ea3f092fe3055a0f2: AxiosError: Unsupported protocol x-raw-image:","timestamp":"2025-04-29T20:21:08.980Z"}
{"level":"error","message":"Failed to download image from x-raw-image:///0d360028a12911b524984423df28bcb08f912ab3c439236e53de5e6033756948: AxiosError: Unsupported protocol x-raw-image:","timestamp":"2025-04-29T20:21:08.982Z"}
{"level":"error","message":"Failed to download image from x-raw-image:///bc3fdda02efa48411cd83791e94fa8fc4c02f5dd27d47affa9d2b12cc9880885: AxiosError: Unsupported protocol x-raw-image:","timestamp":"2025-04-29T20:21:08.983Z"}
{"level":"error","message":"Failed to download image from x-raw-image:///193240c22abdda944cce394f936ef249132c6720503c4d18ea247e2fd4384f79: AxiosError: Unsupported protocol x-raw-image:","timestamp":"2025-04-29T20:21:08.984Z"}
{"level":"error","message":"Failed to download image from x-raw-image:///7f42e3176c8076d45bf020fd7ca0dcefc2d89d2f618b231eb2294e7e4a9e2313: AxiosError: Unsupported protocol x-raw-image:","timestamp":"2025-04-29T20:21:08.985Z"}
{"level":"error","message":"Failed to download image from x-raw-image:///1bb93b2cb877bf35bd199f47b623a8d3452e60a132b325e5261f6e3bf1e7032b: AxiosError: Unsupported protocol x-raw-image:","timestamp":"2025-04-29T20:21:08.986Z"}
{"level":"error","message":"Failed to download image from x-raw-image:///aacb9657b4fe75895547d2eb123e20298241d47dd3245232c7a962a8d0f38fa7: AxiosError: Unsupported protocol x-raw-image:","timestamp":"2025-04-29T20:21:08.987Z"}
{"level":"error","message":"Failed to download image from x-raw-image:///4c6cb33d135b03581331f81c8ad4e684dd9e17c7dc59f449679f79970b9a8e1a: AxiosError: Unsupported protocol x-raw-image:","timestamp":"2025-04-29T20:21:08.987Z"}
{"level":"error","message":"Failed to download image from x-raw-image:///136086fa10c107ee52eb9a171c84c588acd7170b290c915375d4cdf83968a407: AxiosError: Unsupported protocol x-raw-image:","timestamp":"2025-04-29T20:21:08.988Z"}
{"level":"error","message":"Failed to download image from x-raw-image:///972764c4f4201e3615a2f395581852f4a6fdebd55d3fb77ea3f092fe3055a0f2: AxiosError: Unsupported protocol x-raw-image:","timestamp":"2025-04-29T20:21:09.399Z"}
{"level":"error","message":"Failed to download image from x-raw-image:///0d360028a12911b524984423df28bcb08f912ab3c439236e53de5e6033756948: AxiosError: Unsupported protocol x-raw-image:","timestamp":"2025-04-29T20:21:09.400Z"}
{"level":"error","message":"Failed to download image from x-raw-image:///bc3fdda02efa48411cd83791e94fa8fc4c02f5dd27d47affa9d2b12cc9880885: AxiosError: Unsupported protocol x-raw-image:","timestamp":"2025-04-29T20:21:09.401Z"}
{"level":"error","message":"Failed to download image from x-raw-image:///193240c22abdda944cce394f936ef249132c6720503c4d18ea247e2fd4384f79: AxiosError: Unsupported protocol x-raw-image:","timestamp":"2025-04-29T20:21:09.402Z"}
{"level":"error","message":"Failed to download image from x-raw-image:///7f42e3176c8076d45bf020fd7ca0dcefc2d89d2f618b231eb2294e7e4a9e2313: AxiosError: Unsupported protocol x-raw-image:","timestamp":"2025-04-29T20:21:09.403Z"}
{"level":"error","message":"Failed to download image from x-raw-image:///1bb93b2cb877bf35bd199f47b623a8d3452e60a132b325e5261f6e3bf1e7032b: AxiosError: Unsupported protocol x-raw-image:","timestamp":"2025-04-29T20:21:09.404Z"}
{"level":"error","message":"Failed to download image from x-raw-image:///aacb9657b4fe75895547d2eb123e20298241d47dd3245232c7a962a8d0f38fa7: AxiosError: Unsupported protocol x-raw-image:","timestamp":"2025-04-29T20:21:09.405Z"}
{"level":"error","message":"Failed to download image from x-raw-image:///4c6cb33d135b03581331f81c8ad4e684dd9e17c7dc59f449679f79970b9a8e1a: AxiosError: Unsupported protocol x-raw-image:","timestamp":"2025-04-29T20:21:09.406Z"}
{"level":"error","message":"Failed to download image from x-raw-image:///136086fa10c107ee52eb9a171c84c588acd7170b290c915375d4cdf83968a407: AxiosError: Unsupported protocol x-raw-image:","timestamp":"2025-04-29T20:21:09.407Z"}
{"level":"error","message":"Failed to download image from https://lookaside.fbsbx.com/lookaside/crawler/media/?media_id=1877264513009786: Error: Downloaded file too small or empty","timestamp":"2025-04-29T20:21:10.239Z"}
{"level":"error","message":"Error getting video duration: Error: Cannot find ffprobe","timestamp":"2025-04-29T20:21:49.550Z"}
{"level":"error","message":"Failed to download image from x-raw-image:///fca1bd8c36a3f859e01ff8910816263bab05ae8af80f75e319c2c80222c5e426: AxiosError: Unsupported protocol x-raw-image:","timestamp":"2025-04-29T20:26:16.084Z"}
{"level":"error","message":"Failed to download image from x-raw-image:///8176a6150dd64e740813f0d45a1f5b27222470bc02e629b49f89d5c457e540f6: AxiosError: Unsupported protocol x-raw-image:","timestamp":"2025-04-29T20:26:16.085Z"}
{"level":"error","message":"Failed to download image from x-raw-image:///a5ebe2e9725eb973f8471d75e31af9081b00ebd43f98f94ecb7b816b2ab6aba5: AxiosError: Unsupported protocol x-raw-image:","timestamp":"2025-04-29T20:26:16.087Z"}
{"level":"error","message":"Failed to download image from x-raw-image:///aa7527fb8606552a16be69e3d831a74653a8a2749c24f1a01743d611e8d70529: AxiosError: Unsupported protocol x-raw-image:","timestamp":"2025-04-29T20:26:16.088Z"}
{"level":"error","message":"Failed to download image from x-raw-image:///700a79cb33da03536c97918fcf1710c1e3312bdc7cb8c8d9adf215aab2bf908a: AxiosError: Unsupported protocol x-raw-image:","timestamp":"2025-04-29T20:26:16.089Z"}
{"level":"error","message":"Failed to download image from x-raw-image:///deb03703f97e0fe3855352ff136e3289d036aa80858079ede5bdd17e41e8c3f2: AxiosError: Unsupported protocol x-raw-image:","timestamp":"2025-04-29T20:26:16.092Z"}
{"level":"error","message":"Failed to download image from x-raw-image:///fca1bd8c36a3f859e01ff8910816263bab05ae8af80f75e319c2c80222c5e426: AxiosError: Unsupported protocol x-raw-image:","timestamp":"2025-04-29T20:26:16.365Z"}
{"level":"error","message":"Failed to download image from x-raw-image:///8176a6150dd64e740813f0d45a1f5b27222470bc02e629b49f89d5c457e540f6: AxiosError: Unsupported protocol x-raw-image:","timestamp":"2025-04-29T20:26:16.366Z"}
{"level":"error","message":"Failed to download image from x-raw-image:///a5ebe2e9725eb973f8471d75e31af9081b00ebd43f98f94ecb7b816b2ab6aba5: AxiosError: Unsupported protocol x-raw-image:","timestamp":"2025-04-29T20:26:16.367Z"}
{"level":"error","message":"Failed to download image from x-raw-image:///aa7527fb8606552a16be69e3d831a74653a8a2749c24f1a01743d611e8d70529: AxiosError: Unsupported protocol x-raw-image:","timestamp":"2025-04-29T20:26:16.368Z"}
{"level":"error","message":"Failed to download image from x-raw-image:///bdc56048d2b9215a43e38351ead50c2d4afa99383a19a7a8f5a07a29f1054d54: AxiosError: Unsupported protocol x-raw-image:","timestamp":"2025-04-29T20:26:16.369Z"}
{"level":"error","message":"Failed to download image from x-raw-image:///deb03703f97e0fe3855352ff136e3289d036aa80858079ede5bdd17e41e8c3f2: AxiosError: Unsupported protocol x-raw-image:","timestamp":"2025-04-29T20:26:16.370Z"}
{"level":"error","message":"Failed to download image from x-raw-image:///700a79cb33da03536c97918fcf1710c1e3312bdc7cb8c8d9adf215aab2bf908a: AxiosError: Unsupported protocol x-raw-image:","timestamp":"2025-04-29T20:26:16.371Z"}
{"level":"error","message":"Failed to download image from x-raw-image:///74a10bc794d66692d061493d41e921f51dd889e9e9212ab1622a132fe5128035: AxiosError: Unsupported protocol x-raw-image:","timestamp":"2025-04-29T20:26:16.372Z"}
{"level":"error","message":"Failed to download image from x-raw-image:///193240c22abdda944cce394f936ef249132c6720503c4d18ea247e2fd4384f79: AxiosError: Unsupported protocol x-raw-image:","timestamp":"2025-04-29T20:26:16.373Z"}
{"level":"error","message":"Failed to download image from x-raw-image:///dfff862edc0600bf5e39d960dc555ed92ad4affefae2fbe422dafb608fb03f5a: AxiosError: Unsupported protocol x-raw-image:","timestamp":"2025-04-29T20:26:16.375Z"}
{"level":"error","message":"Failed to download image from https://lookaside.fbsbx.com/lookaside/crawler/media/?media_id=1877264513009786: Error: Downloaded file too small or empty","timestamp":"2025-04-29T20:26:17.258Z"}
{"level":"error","message":"Error getting video duration: Error: Cannot find ffprobe","timestamp":"2025-04-29T20:27:54.679Z"}
{"level":"error","message":"Failed to download image from https://lookaside.fbsbx.com/lookaside/crawler/media/?media_id=1877264513009786: Error: Downloaded file too small or empty","timestamp":"2025-04-29T20:31:01.479Z"}
{"level":"error","message":"Error getting video duration: Error: Cannot find ffprobe","timestamp":"2025-04-29T20:32:35.144Z"}
{"level":"error","message":"Failed to download image from x-raw-image:///fca1bd8c36a3f859e01ff8910816263bab05ae8af80f75e319c2c80222c5e426: AxiosError: Unsupported protocol x-raw-image:","timestamp":"2025-04-29T20:38:02.058Z"}
{"level":"error","message":"Failed to download image from x-raw-image:///8176a6150dd64e740813f0d45a1f5b27222470bc02e629b49f89d5c457e540f6: AxiosError: Unsupported protocol x-raw-image:","timestamp":"2025-04-29T20:38:02.059Z"}
{"level":"error","message":"Failed to download image from x-raw-image:///972764c4f4201e3615a2f395581852f4a6fdebd55d3fb77ea3f092fe3055a0f2: AxiosError: Unsupported protocol x-raw-image:","timestamp":"2025-04-29T20:38:02.060Z"}
{"level":"error","message":"Failed to download image from x-raw-image:///bc3fdda02efa48411cd83791e94fa8fc4c02f5dd27d47affa9d2b12cc9880885: AxiosError: Unsupported protocol x-raw-image:","timestamp":"2025-04-29T20:38:02.061Z"}
{"level":"error","message":"Failed to download image from x-raw-image:///deb03703f97e0fe3855352ff136e3289d036aa80858079ede5bdd17e41e8c3f2: AxiosError: Unsupported protocol x-raw-image:","timestamp":"2025-04-29T20:38:02.062Z"}
{"level":"error","message":"Failed to download image from x-raw-image:///4c6cb33d135b03581331f81c8ad4e684dd9e17c7dc59f449679f79970b9a8e1a: AxiosError: Unsupported protocol x-raw-image:","timestamp":"2025-04-29T20:38:02.064Z"}
{"level":"error","message":"Failed to download image from x-raw-image:///f35da3f3d679f66c269d13f523380814bfe4148dbbd1da320981af882a45ecfa: AxiosError: Unsupported protocol x-raw-image:","timestamp":"2025-04-29T20:38:02.065Z"}
{"level":"error","message":"Failed to download image from x-raw-image:///76c770f05dbe43451ca4ca4cfacf4ddd6e5572c5d809f24e9726b0f08d501476: AxiosError: Unsupported protocol x-raw-image:","timestamp":"2025-04-29T20:38:02.066Z"}
{"level":"error","message":"Failed to download image from x-raw-image:///fca1bd8c36a3f859e01ff8910816263bab05ae8af80f75e319c2c80222c5e426: AxiosError: Unsupported protocol x-raw-image:","timestamp":"2025-04-29T20:38:02.403Z"}
{"level":"error","message":"Failed to download image from x-raw-image:///8176a6150dd64e740813f0d45a1f5b27222470bc02e629b49f89d5c457e540f6: AxiosError: Unsupported protocol x-raw-image:","timestamp":"2025-04-29T20:38:02.404Z"}
{"level":"error","message":"Failed to download image from x-raw-image:///972764c4f4201e3615a2f395581852f4a6fdebd55d3fb77ea3f092fe3055a0f2: AxiosError: Unsupported protocol x-raw-image:","timestamp":"2025-04-29T20:38:02.405Z"}
{"level":"error","message":"Failed to download image from x-raw-image:///bc3fdda02efa48411cd83791e94fa8fc4c02f5dd27d47affa9d2b12cc9880885: AxiosError: Unsupported protocol x-raw-image:","timestamp":"2025-04-29T20:38:02.406Z"}
{"level":"error","message":"Failed to download image from x-raw-image:///deb03703f97e0fe3855352ff136e3289d036aa80858079ede5bdd17e41e8c3f2: AxiosError: Unsupported protocol x-raw-image:","timestamp":"2025-04-29T20:38:02.406Z"}
{"level":"error","message":"Failed to download image from x-raw-image:///4c6cb33d135b03581331f81c8ad4e684dd9e17c7dc59f449679f79970b9a8e1a: AxiosError: Unsupported protocol x-raw-image:","timestamp":"2025-04-29T20:38:02.407Z"}
{"level":"error","message":"Failed to download image from x-raw-image:///f35da3f3d679f66c269d13f523380814bfe4148dbbd1da320981af882a45ecfa: AxiosError: Unsupported protocol x-raw-image:","timestamp":"2025-04-29T20:38:02.409Z"}
{"level":"error","message":"Failed to download image from x-raw-image:///76c770f05dbe43451ca4ca4cfacf4ddd6e5572c5d809f24e9726b0f08d501476: AxiosError: Unsupported protocol x-raw-image:","timestamp":"2025-04-29T20:38:02.409Z"}
{"level":"error","message":"Failed to download image from https://lookaside.fbsbx.com/lookaside/crawler/media/?media_id=1877264513009786: Error: Downloaded file too small or empty","timestamp":"2025-04-29T20:38:03.359Z"}
{"level":"error","message":"Error getting video duration: Error: Cannot find ffprobe","timestamp":"2025-04-29T20:39:26.670Z"}
{"level":"error","message":"Failed to download image from x-raw-image:///8176a6150dd64e740813f0d45a1f5b27222470bc02e629b49f89d5c457e540f6: AxiosError: Unsupported protocol x-raw-image:","timestamp":"2025-04-29T20:46:40.877Z"}
{"level":"error","message":"Failed to download image from x-raw-image:///fca1bd8c36a3f859e01ff8910816263bab05ae8af80f75e319c2c80222c5e426: AxiosError: Unsupported protocol x-raw-image:","timestamp":"2025-04-29T20:46:40.879Z"}
{"level":"error","message":"Failed to download image from x-raw-image:///a5ebe2e9725eb973f8471d75e31af9081b00ebd43f98f94ecb7b816b2ab6aba5: AxiosError: Unsupported protocol x-raw-image:","timestamp":"2025-04-29T20:46:40.880Z"}
{"level":"error","message":"Failed to download image from x-raw-image:///aa7527fb8606552a16be69e3d831a74653a8a2749c24f1a01743d611e8d70529: AxiosError: Unsupported protocol x-raw-image:","timestamp":"2025-04-29T20:46:40.881Z"}
{"level":"error","message":"Failed to download image from x-raw-image:///700a79cb33da03536c97918fcf1710c1e3312bdc7cb8c8d9adf215aab2bf908a: AxiosError: Unsupported protocol x-raw-image:","timestamp":"2025-04-29T20:46:40.882Z"}
{"level":"error","message":"Failed to download image from x-raw-image:///ee19bb1c007e6cd0f129dae451bc085875bbb6a2dcc16b5966c64bb159197c90: AxiosError: Unsupported protocol x-raw-image:","timestamp":"2025-04-29T20:46:40.885Z"}
{"level":"error","message":"Failed to download image from x-raw-image:///972764c4f4201e3615a2f395581852f4a6fdebd55d3fb77ea3f092fe3055a0f2: AxiosError: Unsupported protocol x-raw-image:","timestamp":"2025-04-29T20:46:40.886Z"}
{"level":"error","message":"Failed to download image from x-raw-image:///8176a6150dd64e740813f0d45a1f5b27222470bc02e629b49f89d5c457e540f6: AxiosError: Unsupported protocol x-raw-image:","timestamp":"2025-04-29T20:46:41.152Z"}
{"level":"error","message":"Failed to download image from x-raw-image:///fca1bd8c36a3f859e01ff8910816263bab05ae8af80f75e319c2c80222c5e426: AxiosError: Unsupported protocol x-raw-image:","timestamp":"2025-04-29T20:46:41.153Z"}
{"level":"error","message":"Failed to download image from x-raw-image:///a5ebe2e9725eb973f8471d75e31af9081b00ebd43f98f94ecb7b816b2ab6aba5: AxiosError: Unsupported protocol x-raw-image:","timestamp":"2025-04-29T20:46:41.154Z"}
{"level":"error","message":"Failed to download image from x-raw-image:///aa7527fb8606552a16be69e3d831a74653a8a2749c24f1a01743d611e8d70529: AxiosError: Unsupported protocol x-raw-image:","timestamp":"2025-04-29T20:46:41.155Z"}
{"level":"error","message":"Failed to download image from x-raw-image:///700a79cb33da03536c97918fcf1710c1e3312bdc7cb8c8d9adf215aab2bf908a: AxiosError: Unsupported protocol x-raw-image:","timestamp":"2025-04-29T20:46:41.156Z"}
{"level":"error","message":"Failed to download image from x-raw-image:///ee19bb1c007e6cd0f129dae451bc085875bbb6a2dcc16b5966c64bb159197c90: AxiosError: Unsupported protocol x-raw-image:","timestamp":"2025-04-29T20:46:41.157Z"}
{"level":"error","message":"Failed to download image from x-raw-image:///4e336bf6eca94f0b68152fee1e57e17259284b6b271eb0f26f0d4bb320295992: AxiosError: Unsupported protocol x-raw-image:","timestamp":"2025-04-29T20:46:41.158Z"}
{"level":"error","message":"Failed to download image from x-raw-image:///972764c4f4201e3615a2f395581852f4a6fdebd55d3fb77ea3f092fe3055a0f2: AxiosError: Unsupported protocol x-raw-image:","timestamp":"2025-04-29T20:46:41.159Z"}
{"level":"error","message":"Failed to download image from https://lookaside.fbsbx.com/lookaside/crawler/media/?media_id=1877264513009786: Error: Downloaded file too small or empty","timestamp":"2025-04-29T20:46:41.919Z"}
{"level":"error","message":"Error getting video duration: Error: Cannot find ffprobe","timestamp":"2025-04-29T20:48:27.631Z"}
{"level":"error","message":"Failed to download image from x-raw-image:///fca1bd8c36a3f859e01ff8910816263bab05ae8af80f75e319c2c80222c5e426: AxiosError: Unsupported protocol x-raw-image:","timestamp":"2025-04-29T21:03:45.801Z"}
{"level":"error","message":"Failed to download image from x-raw-image:///8176a6150dd64e740813f0d45a1f5b27222470bc02e629b49f89d5c457e540f6: AxiosError: Unsupported protocol x-raw-image:","timestamp":"2025-04-29T21:03:45.802Z"}
{"level":"error","message":"Failed to download image from x-raw-image:///a5ebe2e9725eb973f8471d75e31af9081b00ebd43f98f94ecb7b816b2ab6aba5: AxiosError: Unsupported protocol x-raw-image:","timestamp":"2025-04-29T21:03:45.803Z"}
{"level":"error","message":"Failed to download image from x-raw-image:///aa7527fb8606552a16be69e3d831a74653a8a2749c24f1a01743d611e8d70529: AxiosError: Unsupported protocol x-raw-image:","timestamp":"2025-04-29T21:03:45.804Z"}
{"level":"error","message":"Failed to download image from x-raw-image:///fca1bd8c36a3f859e01ff8910816263bab05ae8af80f75e319c2c80222c5e426: AxiosError: Unsupported protocol x-raw-image:","timestamp":"2025-04-29T21:03:46.070Z"}
{"level":"error","message":"Failed to download image from x-raw-image:///8176a6150dd64e740813f0d45a1f5b27222470bc02e629b49f89d5c457e540f6: AxiosError: Unsupported protocol x-raw-image:","timestamp":"2025-04-29T21:03:46.071Z"}
{"level":"error","message":"Failed to download image from x-raw-image:///a5ebe2e9725eb973f8471d75e31af9081b00ebd43f98f94ecb7b816b2ab6aba5: AxiosError: Unsupported protocol x-raw-image:","timestamp":"2025-04-29T21:03:46.072Z"}
{"level":"error","message":"Failed to download image from x-raw-image:///aa7527fb8606552a16be69e3d831a74653a8a2749c24f1a01743d611e8d70529: AxiosError: Unsupported protocol x-raw-image:","timestamp":"2025-04-29T21:03:46.073Z"}
{"level":"error","message":"Failed to download image from x-raw-image:///bdc56048d2b9215a43e38351ead50c2d4afa99383a19a7a8f5a07a29f1054d54: AxiosError: Unsupported protocol x-raw-image:","timestamp":"2025-04-29T21:03:46.074Z"}
{"level":"error","message":"Failed to download image from https://lookaside.fbsbx.com/lookaside/crawler/media/?media_id=1877264513009786: Error: Downloaded file too small or empty","timestamp":"2025-04-29T21:03:46.814Z"}
{"level":"error","message":"Error getting video duration: Error: Cannot find ffprobe","timestamp":"2025-04-29T21:05:35.271Z"}
{"level":"error","message":"Failed to download image from https://lookaside.fbsbx.com/lookaside/crawler/media/?media_id=1877264513009786: Error: Downloaded file too small or empty","timestamp":"2025-04-29T21:13:54.657Z"}
{"level":"error","message":"Error getting video duration: Error: Cannot find ffprobe","timestamp":"2025-04-29T21:15:17.515Z"}
{"level":"error","message":"Failed to download image from x-raw-image:///f17ebc8f7ed8c72169a06c47c224080be70b143f89232c567184a3a856703841: AxiosError: Unsupported protocol x-raw-image:","timestamp":"2025-04-29T21:28:12.859Z"}
{"level":"error","message":"Failed to download image from x-raw-image:///d938f433c262b231ee0017af161d2f32a48a05ab3d0a0bc5d6899e8679133510: AxiosError: Unsupported protocol x-raw-image:","timestamp":"2025-04-29T21:28:12.861Z"}
{"level":"error","message":"Failed to download image from x-raw-image:///a5ebe2e9725eb973f8471d75e31af9081b00ebd43f98f94ecb7b816b2ab6aba5: AxiosError: Unsupported protocol x-raw-image:","timestamp":"2025-04-29T21:28:12.862Z"}
{"level":"error","message":"Failed to download image from x-raw-image:///aa7527fb8606552a16be69e3d831a74653a8a2749c24f1a01743d611e8d70529: AxiosError: Unsupported protocol x-raw-image:","timestamp":"2025-04-29T21:28:12.864Z"}
{"level":"error","message":"Failed to download image from x-raw-image:///881ee55cb74800e8c705663af56045c2b86f49d9363ff45abe60997378aea216: AxiosError: Unsupported protocol x-raw-image:","timestamp":"2025-04-29T21:28:12.865Z"}
{"level":"error","message":"Failed to download image from x-raw-image:///8284ed51da2a2b8ac30db7bb894c691fb45b7162e7c941557b27214db990216a: AxiosError: Unsupported protocol x-raw-image:","timestamp":"2025-04-29T21:28:12.867Z"}
{"level":"error","message":"Failed to download image from x-raw-image:///39501f4226a8dd302fdfbb8261fa003616a101ffbb421e60909a5a679879a841: AxiosError: Unsupported protocol x-raw-image:","timestamp":"2025-04-29T21:28:12.868Z"}
{"level":"error","message":"Failed to download image from x-raw-image:///700a79cb33da03536c97918fcf1710c1e3312bdc7cb8c8d9adf215aab2bf908a: AxiosError: Unsupported protocol x-raw-image:","timestamp":"2025-04-29T21:28:12.870Z"}
{"level":"error","message":"Failed to download image from x-raw-image:///c743a269aac92d914add531dc17fd81d25022507fbe71f1d0371a9b8e6c34bbc: AxiosError: Unsupported protocol x-raw-image:","timestamp":"2025-04-29T21:28:12.871Z"}
{"level":"error","message":"Failed to download image from x-raw-image:///f17ebc8f7ed8c72169a06c47c224080be70b143f89232c567184a3a856703841: AxiosError: Unsupported protocol x-raw-image:","timestamp":"2025-04-29T21:28:13.096Z"}
{"level":"error","message":"Failed to download image from x-raw-image:///d938f433c262b231ee0017af161d2f32a48a05ab3d0a0bc5d6899e8679133510: AxiosError: Unsupported protocol x-raw-image:","timestamp":"2025-04-29T21:28:13.098Z"}
{"level":"error","message":"Failed to download image from x-raw-image:///a5ebe2e9725eb973f8471d75e31af9081b00ebd43f98f94ecb7b816b2ab6aba5: AxiosError: Unsupported protocol x-raw-image:","timestamp":"2025-04-29T21:28:13.099Z"}
{"level":"error","message":"Failed to download image from x-raw-image:///aa7527fb8606552a16be69e3d831a74653a8a2749c24f1a01743d611e8d70529: AxiosError: Unsupported protocol x-raw-image:","timestamp":"2025-04-29T21:28:13.099Z"}
{"level":"error","message":"Failed to download image from x-raw-image:///881ee55cb74800e8c705663af56045c2b86f49d9363ff45abe60997378aea216: AxiosError: Unsupported protocol x-raw-image:","timestamp":"2025-04-29T21:28:13.100Z"}
{"level":"error","message":"Failed to download image from x-raw-image:///8284ed51da2a2b8ac30db7bb894c691fb45b7162e7c941557b27214db990216a: AxiosError: Unsupported protocol x-raw-image:","timestamp":"2025-04-29T21:28:13.101Z"}
{"level":"error","message":"Failed to download image from x-raw-image:///4e336bf6eca94f0b68152fee1e57e17259284b6b271eb0f26f0d4bb320295992: AxiosError: Unsupported protocol x-raw-image:","timestamp":"2025-04-29T21:28:13.102Z"}
{"level":"error","message":"Failed to download image from x-raw-image:///39501f4226a8dd302fdfbb8261fa003616a101ffbb421e60909a5a679879a841: AxiosError: Unsupported protocol x-raw-image:","timestamp":"2025-04-29T21:28:13.103Z"}
{"level":"error","message":"Failed to download image from x-raw-image:///700a79cb33da03536c97918fcf1710c1e3312bdc7cb8c8d9adf215aab2bf908a: AxiosError: Unsupported protocol x-raw-image:","timestamp":"2025-04-29T21:28:13.104Z"}
{"level":"error","message":"Failed to download image from x-raw-image:///c743a269aac92d914add531dc17fd81d25022507fbe71f1d0371a9b8e6c34bbc: AxiosError: Unsupported protocol x-raw-image:","timestamp":"2025-04-29T21:28:13.106Z"}
{"level":"error","message":"Failed to download image from https://lookaside.fbsbx.com/lookaside/crawler/media/?media_id=1877264513009786: Error: Downloaded file too small or empty","timestamp":"2025-04-29T21:28:13.855Z"}
{"level":"error","message":"Failed to download image from x-raw-image:///fca1bd8c36a3f859e01ff8910816263bab05ae8af80f75e319c2c80222c5e426: AxiosError: Unsupported protocol x-raw-image:","timestamp":"2025-04-29T21:30:05.090Z"}
{"level":"error","message":"Failed to download image from x-raw-image:///8176a6150dd64e740813f0d45a1f5b27222470bc02e629b49f89d5c457e540f6: AxiosError: Unsupported protocol x-raw-image:","timestamp":"2025-04-29T21:30:05.092Z"}
{"level":"error","message":"Failed to download image from x-raw-image:///a5ebe2e9725eb973f8471d75e31af9081b00ebd43f98f94ecb7b816b2ab6aba5: AxiosError: Unsupported protocol x-raw-image:","timestamp":"2025-04-29T21:31:11.646Z"}
{"level":"error","message":"Failed to download image from x-raw-image:///aa7527fb8606552a16be69e3d831a74653a8a2749c24f1a01743d611e8d70529: AxiosError: Unsupported protocol x-raw-image:","timestamp":"2025-04-29T21:31:11.647Z"}
{"level":"error","message":"Failed to download image from x-raw-image:///700a79cb33da03536c97918fcf1710c1e3312bdc7cb8c8d9adf215aab2bf908a: AxiosError: Unsupported protocol x-raw-image:","timestamp":"2025-04-29T21:31:11.649Z"}
{"level":"error","message":"Failed to download image from x-raw-image:///a5ebe2e9725eb973f8471d75e31af9081b00ebd43f98f94ecb7b816b2ab6aba5: AxiosError: Unsupported protocol x-raw-image:","timestamp":"2025-04-29T21:31:11.899Z"}
{"level":"error","message":"Failed to download image from x-raw-image:///aa7527fb8606552a16be69e3d831a74653a8a2749c24f1a01743d611e8d70529: AxiosError: Unsupported protocol x-raw-image:","timestamp":"2025-04-29T21:31:11.901Z"}
{"level":"error","message":"Failed to download image from x-raw-image:///bdc56048d2b9215a43e38351ead50c2d4afa99383a19a7a8f5a07a29f1054d54: AxiosError: Unsupported protocol x-raw-image:","timestamp":"2025-04-29T21:31:11.902Z"}
{"level":"error","message":"Failed to download image from x-raw-image:///700a79cb33da03536c97918fcf1710c1e3312bdc7cb8c8d9adf215aab2bf908a: AxiosError: Unsupported protocol x-raw-image:","timestamp":"2025-04-29T21:31:11.903Z"}
{"level":"error","message":"Failed to download image from x-raw-image:///4e336bf6eca94f0b68152fee1e57e17259284b6b271eb0f26f0d4bb320295992: AxiosError: Unsupported protocol x-raw-image:","timestamp":"2025-04-29T21:31:11.905Z"}
{"level":"error","message":"Failed to download image from x-raw-image:///685f031cc20ea47c29e5af5eb518be82344d3416c4b113de9f01d52ae1f78f78: AxiosError: Unsupported protocol x-raw-image:","timestamp":"2025-04-29T21:31:11.906Z"}
{"level":"error","message":"Failed to download image from x-raw-image:///74a10bc794d66692d061493d41e921f51dd889e9e9212ab1622a132fe5128035: AxiosError: Unsupported protocol x-raw-image:","timestamp":"2025-04-29T21:31:11.907Z"}
{"level":"error","message":"Failed to download image from x-raw-image:///a6fd3587ba9e674f55a538ecbfdb3ff6a67a31a3592dfd849ac0dab7a4f5e008: AxiosError: Unsupported protocol x-raw-image:","timestamp":"2025-04-29T21:31:11.908Z"}
{"level":"error","message":"Failed to download image from https://lookaside.fbsbx.com/lookaside/crawler/media/?media_id=1877264513009786: Error: Downloaded file too small or empty","timestamp":"2025-04-29T21:31:12.647Z"}
{"level":"error","message":"Error getting video duration: Error: Cannot find ffprobe","timestamp":"2025-04-29T21:33:28.012Z"}
{"level":"error","message":"Failed to download image from x-raw-image:///fca1bd8c36a3f859e01ff8910816263bab05ae8af80f75e319c2c80222c5e426: AxiosError: Unsupported protocol x-raw-image:","timestamp":"2025-04-29T21:34:41.090Z"}
{"level":"error","message":"Failed to download image from x-raw-image:///8176a6150dd64e740813f0d45a1f5b27222470bc02e629b49f89d5c457e540f6: AxiosError: Unsupported protocol x-raw-image:","timestamp":"2025-04-29T21:34:41.091Z"}
{"level":"error","message":"Failed to download image from x-raw-image:///a5ebe2e9725eb973f8471d75e31af9081b00ebd43f98f94ecb7b816b2ab6aba5: AxiosError: Unsupported protocol x-raw-image:","timestamp":"2025-04-29T21:34:41.092Z"}
{"level":"error","message":"Failed to download image from x-raw-image:///aa7527fb8606552a16be69e3d831a74653a8a2749c24f1a01743d611e8d70529: AxiosError: Unsupported protocol x-raw-image:","timestamp":"2025-04-29T21:34:41.093Z"}
{"level":"error","message":"Failed to download image from x-raw-image:///700a79cb33da03536c97918fcf1710c1e3312bdc7cb8c8d9adf215aab2bf908a: AxiosError: Unsupported protocol x-raw-image:","timestamp":"2025-04-29T21:34:41.094Z"}
{"level":"error","message":"Failed to download image from x-raw-image:///84fb9fd500ffb5fa67ea89b32c4c7ddbad081fb3a128fd45e18f6d049738c179: AxiosError: Unsupported protocol x-raw-image:","timestamp":"2025-04-29T21:34:41.095Z"}
{"level":"error","message":"Failed to download image from x-raw-image:///fca1bd8c36a3f859e01ff8910816263bab05ae8af80f75e319c2c80222c5e426: AxiosError: Unsupported protocol x-raw-image:","timestamp":"2025-04-29T21:34:41.342Z"}
{"level":"error","message":"Failed to download image from x-raw-image:///8176a6150dd64e740813f0d45a1f5b27222470bc02e629b49f89d5c457e540f6: AxiosError: Unsupported protocol x-raw-image:","timestamp":"2025-04-29T21:34:41.344Z"}
{"level":"error","message":"Failed to download image from x-raw-image:///a5ebe2e9725eb973f8471d75e31af9081b00ebd43f98f94ecb7b816b2ab6aba5: AxiosError: Unsupported protocol x-raw-image:","timestamp":"2025-04-29T21:34:41.345Z"}
{"level":"error","message":"Failed to download image from x-raw-image:///bdc56048d2b9215a43e38351ead50c2d4afa99383a19a7a8f5a07a29f1054d54: AxiosError: Unsupported protocol x-raw-image:","timestamp":"2025-04-29T21:34:41.345Z"}
{"level":"error","message":"Failed to download image from x-raw-image:///aa7527fb8606552a16be69e3d831a74653a8a2749c24f1a01743d611e8d70529: AxiosError: Unsupported protocol x-raw-image:","timestamp":"2025-04-29T21:34:41.346Z"}
{"level":"error","message":"Failed to download image from x-raw-image:///700a79cb33da03536c97918fcf1710c1e3312bdc7cb8c8d9adf215aab2bf908a: AxiosError: Unsupported protocol x-raw-image:","timestamp":"2025-04-29T21:34:41.347Z"}
{"level":"error","message":"Failed to download image from x-raw-image:///84fb9fd500ffb5fa67ea89b32c4c7ddbad081fb3a128fd45e18f6d049738c179: AxiosError: Unsupported protocol x-raw-image:","timestamp":"2025-04-29T21:34:41.348Z"}
{"level":"error","message":"Failed to download image from x-raw-image:///685f031cc20ea47c29e5af5eb518be82344d3416c4b113de9f01d52ae1f78f78: AxiosError: Unsupported protocol x-raw-image:","timestamp":"2025-04-29T21:34:41.349Z"}
{"level":"error","message":"Failed to download image from x-raw-image:///4e336bf6eca94f0b68152fee1e57e17259284b6b271eb0f26f0d4bb320295992: AxiosError: Unsupported protocol x-raw-image:","timestamp":"2025-04-29T21:34:41.349Z"}
{"level":"error","message":"Failed to download image from https://lookaside.fbsbx.com/lookaside/crawler/media/?media_id=1877264513009786: Error: Downloaded file too small or empty","timestamp":"2025-04-29T21:34:42.135Z"}
{"level":"error","message":"Error getting video duration: Error: Cannot find ffprobe","timestamp":"2025-04-29T21:36:29.862Z"}
{"level":"error","message":"Error getting video duration: Error: Cannot find ffprobe","timestamp":"2025-04-29T21:37:53.390Z"}
{"level":"error","message":"Error getting video duration: Error: Cannot find ffprobe","timestamp":"2025-04-29T21:39:51.776Z"}
{"level":"error","message":"Error getting video duration: Error: Cannot find ffprobe","timestamp":"2025-04-29T21:41:58.044Z"}
{"level":"error","message":"Error getting video duration: Error: Cannot find ffprobe","timestamp":"2025-04-29T21:43:36.701Z"}
{"level":"error","message":"Error getting video duration: Error: Cannot find ffprobe","timestamp":"2025-04-29T21:45:26.272Z"}
{"level":"error","message":"Error getting video duration: Error: Cannot find ffprobe","timestamp":"2025-04-29T21:47:19.278Z"}
{"level":"error","message":"Error getting video duration: Error: Cannot find ffprobe","timestamp":"2025-04-29T21:49:01.283Z"}
{"level":"error","message":"Error getting video duration: Error: Cannot find ffprobe","timestamp":"2025-04-29T21:50:48.913Z"}
{"level":"error","message":"Error getting video duration: Error: Cannot find ffprobe","timestamp":"2025-04-29T21:52:27.624Z"}
{"level":"error","message":"Failed to download image from x-raw-image:///fca1bd8c36a3f859e01ff8910816263bab05ae8af80f75e319c2c80222c5e426: AxiosError: Unsupported protocol x-raw-image:","timestamp":"2025-04-30T11:51:54.757Z"}
{"level":"error","message":"Failed to download image from x-raw-image:///8176a6150dd64e740813f0d45a1f5b27222470bc02e629b49f89d5c457e540f6: AxiosError: Unsupported protocol x-raw-image:","timestamp":"2025-04-30T11:51:54.759Z"}
{"level":"error","message":"Failed to download image from x-raw-image:///a5ebe2e9725eb973f8471d75e31af9081b00ebd43f98f94ecb7b816b2ab6aba5: AxiosError: Unsupported protocol x-raw-image:","timestamp":"2025-04-30T11:51:54.761Z"}
{"level":"error","message":"Failed to download image from x-raw-image:///aa7527fb8606552a16be69e3d831a74653a8a2749c24f1a01743d611e8d70529: AxiosError: Unsupported protocol x-raw-image:","timestamp":"2025-04-30T11:51:54.762Z"}
{"level":"error","message":"Failed to download image from x-raw-image:///972764c4f4201e3615a2f395581852f4a6fdebd55d3fb77ea3f092fe3055a0f2: AxiosError: Unsupported protocol x-raw-image:","timestamp":"2025-04-30T11:51:54.763Z"}
{"level":"error","message":"Failed to download image from x-raw-image:///700a79cb33da03536c97918fcf1710c1e3312bdc7cb8c8d9adf215aab2bf908a: AxiosError: Unsupported protocol x-raw-image:","timestamp":"2025-04-30T11:51:54.765Z"}
{"level":"error","message":"Failed to download image from x-raw-image:///ee19bb1c007e6cd0f129dae451bc085875bbb6a2dcc16b5966c64bb159197c90: AxiosError: Unsupported protocol x-raw-image:","timestamp":"2025-04-30T11:51:54.766Z"}
{"level":"error","message":"Failed to download image from x-raw-image:///bc3fdda02efa48411cd83791e94fa8fc4c02f5dd27d47affa9d2b12cc9880885: AxiosError: Unsupported protocol x-raw-image:","timestamp":"2025-04-30T11:51:54.767Z"}
{"level":"error","message":"Failed to download image from x-raw-image:///fca1bd8c36a3f859e01ff8910816263bab05ae8af80f75e319c2c80222c5e426: AxiosError: Unsupported protocol x-raw-image:","timestamp":"2025-04-30T11:51:55.002Z"}
{"level":"error","message":"Failed to download image from x-raw-image:///8176a6150dd64e740813f0d45a1f5b27222470bc02e629b49f89d5c457e540f6: AxiosError: Unsupported protocol x-raw-image:","timestamp":"2025-04-30T11:51:55.004Z"}
{"level":"error","message":"Failed to download image from x-raw-image:///a5ebe2e9725eb973f8471d75e31af9081b00ebd43f98f94ecb7b816b2ab6aba5: AxiosError: Unsupported protocol x-raw-image:","timestamp":"2025-04-30T11:51:55.006Z"}
{"level":"error","message":"Failed to download image from x-raw-image:///aa7527fb8606552a16be69e3d831a74653a8a2749c24f1a01743d611e8d70529: AxiosError: Unsupported protocol x-raw-image:","timestamp":"2025-04-30T11:51:55.007Z"}
{"level":"error","message":"Failed to download image from x-raw-image:///972764c4f4201e3615a2f395581852f4a6fdebd55d3fb77ea3f092fe3055a0f2: AxiosError: Unsupported protocol x-raw-image:","timestamp":"2025-04-30T11:51:55.009Z"}
{"level":"error","message":"Failed to download image from x-raw-image:///700a79cb33da03536c97918fcf1710c1e3312bdc7cb8c8d9adf215aab2bf908a: AxiosError: Unsupported protocol x-raw-image:","timestamp":"2025-04-30T11:51:55.010Z"}
{"level":"error","message":"Failed to download image from x-raw-image:///4e336bf6eca94f0b68152fee1e57e17259284b6b271eb0f26f0d4bb320295992: AxiosError: Unsupported protocol x-raw-image:","timestamp":"2025-04-30T11:51:55.010Z"}
{"level":"error","message":"Failed to download image from x-raw-image:///ee19bb1c007e6cd0f129dae451bc085875bbb6a2dcc16b5966c64bb159197c90: AxiosError: Unsupported protocol x-raw-image:","timestamp":"2025-04-30T11:51:55.012Z"}
{"level":"error","message":"Failed to download image from x-raw-image:///bc3fdda02efa48411cd83791e94fa8fc4c02f5dd27d47affa9d2b12cc9880885: AxiosError: Unsupported protocol x-raw-image:","timestamp":"2025-04-30T11:51:55.013Z"}
{"level":"error","message":"Failed to download image from https://lookaside.fbsbx.com/lookaside/crawler/media/?media_id=1877264513009786: Error: Downloaded file too small or empty","timestamp":"2025-04-30T11:51:55.801Z"}
{"level":"error","message":"Error getting video duration: Error: Cannot find ffprobe","timestamp":"2025-04-30T12:01:44.900Z"}
{"level":"error","message":"Failed to download image from https://www.vice.com/wp-content/uploads/sites/2/2025/04/this-strange-out-of-place-rock-on-mars-has-scientists-puzzled.jpg: Error: Downloaded data does not appear to be an image","timestamp":"2025-04-30T16:14:20.269Z"}
{"level":"error","message":"Error getting video duration: Error: Cannot find ffprobe","timestamp":"2025-04-30T16:16:11.481Z"}
{"level":"error","message":"Error getting video duration: Error: Cannot find ffprobe","timestamp":"2025-04-30T16:18:24.261Z"}
{"level":"error","message":"Error getting video duration: Error: Cannot find ffprobe","timestamp":"2025-04-30T16:20:28.623Z"}
{"level":"error","message":"Error getting video duration: Error: Cannot find ffprobe","timestamp":"2025-04-30T16:22:13.035Z"}
{"level":"error","message":"Error getting video duration: Error: Cannot find ffprobe","timestamp":"2025-04-30T16:23:36.934Z"}
{"level":"error","message":"Error getting video duration: Error: Cannot find ffprobe","timestamp":"2025-04-30T16:25:31.124Z"}
{"level":"error","message":"Failed to download image from https://magazine.atavist.com/wp-content/uploads/2025/03/ygj_out_eagle_12-1667x2500.jpg: Error: Downloaded data does not appear to be an image","timestamp":"2025-04-30T16:25:40.761Z"}
{"level":"error","message":"Failed to download image from https://unfocussed.com/cdn/shop/articles/Mindscapes_Unveiled_904594db-e73a-4b1d-aef1-66f698acaa59.png?crop=center&format=jpg&height=1200&v=1710877078&width=2400: Error: Downloaded data does not appear to be an image","timestamp":"2025-04-30T16:25:41.704Z"}
{"level":"error","message":"Error getting video duration: Error: Cannot find ffprobe","timestamp":"2025-04-30T16:27:30.710Z"}
{"level":"error","message":"Error getting video duration: Error: Cannot find ffprobe","timestamp":"2025-04-30T16:29:50.053Z"}
{"level":"error","message":"Error getting video duration: Error: Cannot find ffprobe","timestamp":"2025-04-30T16:31:52.203Z"}
{"level":"error","message":"Failed to download image from https://lookaside.fbsbx.com/lookaside/crawler/instagram/DGeMU6uJp57/0/image.jpg: Error: Downloaded file too small or empty","timestamp":"2025-04-30T16:32:03.783Z"}
{"level":"error","message":"Failed to download image from https://external-preview.redd.it/a-spectacular-looking-murmuration-filmed-in-italy-v0-dDU1NjloZTZpdXdlMSm6cM0nwJblrevAqoPg8E_875xRwMLiL21BOZFkNOwF.png?format=pjpg&auto=webp&s=93546e013ab43ce40dabbfb3c0fe8cd9ec1e22e9: Error: Downloaded data does not appear to be an image","timestamp":"2025-04-30T16:32:04.745Z"}
{"level":"error","message":"Error getting video duration: Error: Cannot find ffprobe","timestamp":"2025-04-30T16:33:18.340Z"}
{"level":"error","message":"Failed to download image from https://unfocussed.com/cdn/shop/articles/The_Empress_of_Emerald_Waters.png?crop=center&format=jpg&height=1200&v=1713666895&width=2400: Error: Downloaded data does not appear to be an image","timestamp":"2025-04-30T16:48:42.922Z"}
{"level":"error","message":"Failed to download image from https://unfocussed.com/cdn/shop/articles/Quantum_Leap_of_the_Neon_Whale.png?crop=center&format=jpg&height=1200&v=1713665939&width=2400: Error: Downloaded data does not appear to be an image","timestamp":"2025-04-30T16:48:44.238Z"}
{"level":"error","message":"Failed to download image from https://unfocussed.com/cdn/shop/articles/Ocean_s_Fury_-_The_Leviathan_Swell.png?crop=center&format=jpg&height=1200&v=1712174383&width=2400: Error: Downloaded data does not appear to be an image","timestamp":"2025-04-30T16:48:45.879Z"}
{"level":"error","message":"Error getting video duration: Error: Cannot find ffprobe","timestamp":"2025-04-30T16:50:33.278Z"}
{"level":"error","message":"Failed to download image from https://readjumpscares.com/wp-content/uploads/2023/11/2024-new-horror.png?w=1024: Error: Downloaded data does not appear to be an image","timestamp":"2025-04-30T16:50:44.582Z"}
{"level":"error","message":"Failed to download image from https://thumbs.dreamstime.com/b/halloween-concept-glowing-pumpkins-strange-silhouette-dark-spooky-forest-night-mystical-landscape-surreal-lights-wi-128686818.jpg: Error: Downloaded data does not appear to be an image","timestamp":"2025-04-30T16:50:45.392Z"}
{"level":"error","message":"Failed to download image from https://thumbs.dreamstime.com/b/dark-spooky-forest-mysterious-woodland-scenery-stock-photo-generative-ai-creating-eerie-atmosphere-shadowy-trees-373340905.jpg: Error: Downloaded data does not appear to be an image","timestamp":"2025-04-30T16:50:45.900Z"}
{"level":"error","message":"Failed to download image from https://lookaside.fbsbx.com/lookaside/crawler/media/?media_id=10160327253309139: Error: Downloaded file too small or empty","timestamp":"2025-04-30T16:50:46.608Z"}
{"level":"error","message":"Failed to download image from https://thumbs.dreamstime.com/b/gothic-archway-blood-red-moon-pixel-art-graveyard-dark-gothic-archway-stands-blood-red-moon-pixel-art-368657033.jpg: Error: Downloaded data does not appear to be an image","timestamp":"2025-04-30T16:50:46.957Z"}
{"level":"error","message":"Failed to download image from https://www.rollingstone.com/wp-content/uploads/2022/10/HorrorMovieList.jpg?w=1581&h=1054&crop=1: Error: Downloaded data does not appear to be an image","timestamp":"2025-04-30T16:50:49.035Z"}
{"level":"error","message":"Failed to download image from https://thumbs.dreamstime.com/b/haunted-stone-house-sits-dark-foggy-forest-night-warm-light-shines-windows-entrance-mysterious-scary-atmosphere-haunted-349588166.jpg: Error: Downloaded data does not appear to be an image","timestamp":"2025-04-30T16:50:49.499Z"}
{"level":"error","message":"Failed to download image from https://ririro.com/cdn-cgi/image/width=1024,height=1024,fit=crop,quality=80,format=auto,onerror=redirect,metadata=none/wp-content/uploads/2024/09/DALL%C2%B7E-2024-09-21-12.07.57-A-gothic-menacing-Castle-Dracula-perched-on-a-steep-cliff-with-towering-spires-and-jagged-stone-walls.-The-scene-takes-place-at-sunset-with-the-sky-.webp: Error: Downloaded data does not appear to be an image","timestamp":"2025-04-30T16:50:50.640Z"}
{"level":"error","message":"Failed to download image from https://readjumpscares.com/wp-content/uploads/2023/11/2024-new-horror.png?w=1024: Error: Downloaded data does not appear to be an image","timestamp":"2025-04-30T16:50:53.366Z"}
{"level":"error","message":"Failed to download image from https://www.shutterstock.com/shutterstock/videos/3412659439/thumb/1.jpg?ip=x480: Error: Downloaded data does not appear to be an image","timestamp":"2025-04-30T16:50:54.289Z"}
{"level":"error","message":"Failed to download image from https://thumbs.dreamstime.com/b/halloween-concept-glowing-pumpkins-strange-silhouette-dark-spooky-forest-night-mystical-landscape-surreal-lights-wi-128686818.jpg: Error: Downloaded data does not appear to be an image","timestamp":"2025-04-30T16:50:54.477Z"}
{"level":"error","message":"Failed to download image from https://thumbs.dreamstime.com/b/dark-spooky-forest-mysterious-woodland-scenery-stock-photo-generative-ai-creating-eerie-atmosphere-shadowy-trees-373340905.jpg: Error: Downloaded data does not appear to be an image","timestamp":"2025-04-30T16:50:54.693Z"}
{"level":"error","message":"Failed to download image from https://lookaside.fbsbx.com/lookaside/crawler/media/?media_id=10160327253309139: Error: Downloaded file too small or empty","timestamp":"2025-04-30T16:50:55.222Z"}
{"level":"error","message":"Failed to download image from https://thumbs.dreamstime.com/b/gothic-archway-blood-red-moon-pixel-art-graveyard-dark-gothic-archway-stands-blood-red-moon-pixel-art-368657033.jpg: Error: Downloaded data does not appear to be an image","timestamp":"2025-04-30T16:50:55.424Z"}
{"level":"error","message":"Failed to download image from https://www.rollingstone.com/wp-content/uploads/2022/10/HorrorMovieList.jpg?w=1581&h=1054&crop=1: Error: Downloaded data does not appear to be an image","timestamp":"2025-04-30T16:50:57.010Z"}
{"level":"error","message":"Failed to download image from https://thumbs.dreamstime.com/b/haunted-stone-house-sits-dark-foggy-forest-night-warm-light-shines-windows-entrance-mysterious-scary-atmosphere-haunted-349588166.jpg: Error: Downloaded data does not appear to be an image","timestamp":"2025-04-30T16:50:57.235Z"}
{"level":"error","message":"Failed to download image from https://ririro.com/cdn-cgi/image/width=1024,height=1024,fit=crop,quality=80,format=auto,onerror=redirect,metadata=none/wp-content/uploads/2024/09/DALL%C2%B7E-2024-09-21-12.07.57-A-gothic-menacing-Castle-Dracula-perched-on-a-steep-cliff-with-towering-spires-and-jagged-stone-walls.-The-scene-takes-place-at-sunset-with-the-sky-.webp: Error: Downloaded data does not appear to be an image","timestamp":"2025-04-30T16:50:57.874Z"}
{"level":"error","message":"Error getting video duration: Error: Cannot find ffprobe","timestamp":"2025-04-30T16:52:44.318Z"}
{"level":"error","message":"Error getting video duration: Error: Cannot find ffprobe","timestamp":"2025-04-30T16:54:42.642Z"}
{"level":"error","message":"Error getting video duration: Error: Cannot find ffprobe","timestamp":"2025-04-30T16:56:38.610Z"}
{"level":"error","message":"Error getting video duration: Error: Cannot find ffprobe","timestamp":"2025-04-30T16:58:30.781Z"}
{"level":"error","message":"Error getting video duration: Error: Cannot find ffprobe","timestamp":"2025-04-30T17:00:43.289Z"}
{"level":"error","message":"Error getting video duration: Error: Cannot find ffprobe","timestamp":"2025-04-30T17:02:56.731Z"}
{"level":"error","message":"Failed to download image from https://image.pbs.org/video-assets/TSB869c-asset-mezzanine-16x9-5NdCnuD.jpg?format=webp&resize=1440x810: Error: Downloaded data does not appear to be an image","timestamp":"2025-04-30T17:03:08.364Z"}
{"level":"error","message":"Failed to download image from https://lookaside.fbsbx.com/lookaside/crawler/media/?media_id=1877264513009786: Error: Downloaded file too small or empty","timestamp":"2025-04-30T17:19:44.051Z"}
{"level":"error","message":"Error getting video duration: Error: Cannot find ffprobe","timestamp":"2025-04-30T17:21:25.813Z"}
{"level":"error","message":"Error getting video duration: Error: Cannot find ffprobe","timestamp":"2025-04-30T17:25:42.760Z"}
{"level":"error","message":"Failed to download image from x-raw-image:///a5ebe2e9725eb973f8471d75e31af9081b00ebd43f98f94ecb7b816b2ab6aba5: Error: Invalid URL format: x-raw-image:///a5ebe2e9725eb973f8471d75e31af9081b00ebd43f98f94ecb7b816b2ab6aba5","timestamp":"2025-04-30T17:35:06.538Z"}
{"level":"error","message":"Failed to download image from x-raw-image:///aa7527fb8606552a16be69e3d831a74653a8a2749c24f1a01743d611e8d70529: Error: Invalid URL format: x-raw-image:///aa7527fb8606552a16be69e3d831a74653a8a2749c24f1a01743d611e8d70529","timestamp":"2025-04-30T17:35:06.539Z"}
{"level":"error","message":"Failed to download image from https://imgv2-1-f.scribdassets.com/img/document/786469495/original/a6bb7d964e/1?v=1: Error: Downloaded data does not appear to be an image","timestamp":"2025-04-30T17:35:08.170Z"}
{"level":"error","message":"Failed to download image from x-raw-image:///700a79cb33da03536c97918fcf1710c1e3312bdc7cb8c8d9adf215aab2bf908a: Error: Invalid URL format: x-raw-image:///700a79cb33da03536c97918fcf1710c1e3312bdc7cb8c8d9adf215aab2bf908a","timestamp":"2025-04-30T17:35:08.171Z"}
{"level":"error","message":"Failed to download image from x-raw-image:///ee19bb1c007e6cd0f129dae451bc085875bbb6a2dcc16b5966c64bb159197c90: Error: Invalid URL format: x-raw-image:///ee19bb1c007e6cd0f129dae451bc085875bbb6a2dcc16b5966c64bb159197c90","timestamp":"2025-04-30T17:35:08.171Z"}
{"level":"error","message":"Failed to download image from x-raw-image:///a5ebe2e9725eb973f8471d75e31af9081b00ebd43f98f94ecb7b816b2ab6aba5: Error: Invalid URL format: x-raw-image:///a5ebe2e9725eb973f8471d75e31af9081b00ebd43f98f94ecb7b816b2ab6aba5","timestamp":"2025-04-30T17:35:08.686Z"}
{"level":"error","message":"Failed to download image from x-raw-image:///aa7527fb8606552a16be69e3d831a74653a8a2749c24f1a01743d611e8d70529: Error: Invalid URL format: x-raw-image:///aa7527fb8606552a16be69e3d831a74653a8a2749c24f1a01743d611e8d70529","timestamp":"2025-04-30T17:35:08.686Z"}
{"level":"error","message":"Failed to download image from https://imgv2-1-f.scribdassets.com/img/document/786469495/original/a6bb7d964e/1?v=1: Error: Downloaded data does not appear to be an image","timestamp":"2025-04-30T17:35:08.938Z"}
{"level":"error","message":"Failed to download image from x-raw-image:///700a79cb33da03536c97918fcf1710c1e3312bdc7cb8c8d9adf215aab2bf908a: Error: Invalid URL format: x-raw-image:///700a79cb33da03536c97918fcf1710c1e3312bdc7cb8c8d9adf215aab2bf908a","timestamp":"2025-04-30T17:35:08.938Z"}
{"level":"error","message":"Failed to download image from x-raw-image:///ee19bb1c007e6cd0f129dae451bc085875bbb6a2dcc16b5966c64bb159197c90: Error: Invalid URL format: x-raw-image:///ee19bb1c007e6cd0f129dae451bc085875bbb6a2dcc16b5966c64bb159197c90","timestamp":"2025-04-30T17:35:08.938Z"}
{"level":"error","message":"Failed to download image from x-raw-image:///4e336bf6eca94f0b68152fee1e57e17259284b6b271eb0f26f0d4bb320295992: Error: Invalid URL format: x-raw-image:///4e336bf6eca94f0b68152fee1e57e17259284b6b271eb0f26f0d4bb320295992","timestamp":"2025-04-30T17:35:08.938Z"}
{"level":"error","message":"Failed to download image from https://lookaside.fbsbx.com/lookaside/crawler/media/?media_id=1877264513009786: Error: Downloaded file too small or empty","timestamp":"2025-04-30T17:35:10.203Z"}
{"level":"error","message":"Error getting video duration: Error: Cannot find ffprobe","timestamp":"2025-04-30T17:36:48.512Z"}
{"level":"error","message":"Error getting video duration: Error: Cannot find ffprobe","timestamp":"2025-04-30T17:38:46.874Z"}
{"level":"error","message":"Error getting video duration: Error: Cannot find ffprobe","timestamp":"2025-04-30T17:40:38.734Z"}
{"level":"error","message":"Failed to download image from https://unfocussed.com/cdn/shop/articles/Ethereal_Watchers_-_Whispers_of_the_Wind.png?crop=center&format=jpg&height=1200&v=1714161125&width=2400: Error: Downloaded data does not appear to be an image","timestamp":"2025-04-30T17:40:52.151Z"}
{"level":"error","message":"Failed to download image from https://i0.wp.com/breakingandentering.net/wp-content/uploads/2024/09/2024-Header.png?fit=1200%2C675&ssl=1: Error: Downloaded data does not appear to be an image","timestamp":"2025-04-30T17:40:53.677Z"}
{"level":"error","message":"Failed to download image from http://unfocussed.com/cdn/shop/articles/Ethereal_Watchers_-_Whispers_of_the_Wind.png?v=1714161125: Error: Downloaded data does not appear to be an image","timestamp":"2025-04-30T17:40:55.399Z"}
{"level":"error","message":"Error getting video duration: Error: Cannot find ffprobe","timestamp":"2025-04-30T17:41:56.920Z"}
{"level":"error","message":"Error getting video duration: Error: Cannot find ffprobe","timestamp":"2025-04-30T17:43:49.524Z"}
{"level":"error","message":"Failed to download image from https://image.isu.pub/220901130620-071fe416f09208e8c5b7f7e5e6c63556/jpg/page_1_social_preview.jpg: Error: Downloaded data does not appear to be an image","timestamp":"2025-04-30T17:44:01.006Z"}
{"level":"error","message":"Failed to download image from https://imgv2-1-f.scribdassets.com/img/document/150652869/original/2fbdd398c6/1?v=1: Error: Downloaded data does not appear to be an image","timestamp":"2025-04-30T17:44:02.091Z"}
{"level":"error","message":"Failed to download image from x-raw-image:///8dfe1a7bc36564695ef74e859bde7e3da4ede0a77cc2f52c0b2646f817455957: Error: Invalid URL format: x-raw-image:///8dfe1a7bc36564695ef74e859bde7e3da4ede0a77cc2f52c0b2646f817455957","timestamp":"2025-04-30T17:44:02.092Z"}
{"level":"error","message":"Failed to download image from https://imgv2-1-f.scribdassets.com/img/document/97832884/original/758b1a4ae2/1?v=1: Error: Downloaded data does not appear to be an image","timestamp":"2025-04-30T17:44:02.788Z"}
{"level":"error","message":"Failed to download image from x-raw-image:///18743e7944bd542700c959c9491228d2738c4ed5038ba487fcc9d80a974859e1: Error: Invalid URL format: x-raw-image:///18743e7944bd542700c959c9491228d2738c4ed5038ba487fcc9d80a974859e1","timestamp":"2025-04-30T17:44:02.789Z"}
{"level":"error","message":"Failed to download image from https://image.isu.pub/220901130620-071fe416f09208e8c5b7f7e5e6c63556/jpg/page_1_thumb_large.jpg: Error: Downloaded data does not appear to be an image","timestamp":"2025-04-30T17:44:03.521Z"}
{"level":"error","message":"Failed to download image from https://image.isu.pub/220901130620-071fe416f09208e8c5b7f7e5e6c63556/jpg/page_1_social_preview.jpg: Error: Downloaded data does not appear to be an image","timestamp":"2025-04-30T17:44:03.770Z"}
{"level":"error","message":"Failed to download image from https://imgv2-1-f.scribdassets.com/img/document/150652869/original/2fbdd398c6/1?v=1: Error: Downloaded data does not appear to be an image","timestamp":"2025-04-30T17:44:03.961Z"}
{"level":"error","message":"Failed to download image from x-raw-image:///8dfe1a7bc36564695ef74e859bde7e3da4ede0a77cc2f52c0b2646f817455957: Error: Invalid URL format: x-raw-image:///8dfe1a7bc36564695ef74e859bde7e3da4ede0a77cc2f52c0b2646f817455957","timestamp":"2025-04-30T17:44:03.962Z"}
{"level":"error","message":"Failed to download image from https://imgv2-1-f.scribdassets.com/img/document/97832884/original/758b1a4ae2/1?v=1: Error: Downloaded data does not appear to be an image","timestamp":"2025-04-30T17:44:04.192Z"}
{"level":"error","message":"Failed to download image from x-raw-image:///18743e7944bd542700c959c9491228d2738c4ed5038ba487fcc9d80a974859e1: Error: Invalid URL format: x-raw-image:///18743e7944bd542700c959c9491228d2738c4ed5038ba487fcc9d80a974859e1","timestamp":"2025-04-30T17:44:04.192Z"}
{"level":"error","message":"Failed to download image from https://lookaside.fbsbx.com/lookaside/crawler/media/?media_id=587019937581864: Error: Downloaded file too small or empty","timestamp":"2025-04-30T17:44:06.696Z"}
{"level":"error","message":"Failed to download image from https://lookaside.instagram.com/seo/google_widget/crawler/?media_id=3066061522813578136: Error: Downloaded data does not appear to be an image","timestamp":"2025-04-30T17:44:09.457Z"}
{"level":"error","message":"Failed to download image from https://preview.redd.it/the-buton-tribe-in-indonesia-with-sparkling-blue-eyes-due-v0-kv9qojx5iuxe1.jpg?width=640&crop=smart&auto=webp&s=b671cfe733ae1c5fe0457561d2c670c3eca16a4b: Error: Downloaded data does not appear to be an image","timestamp":"2025-04-30T17:44:10.423Z"}
{"level":"error","message":"Error getting video duration: Error: Cannot find ffprobe","timestamp":"2025-04-30T17:46:13.490Z"}
{"level":"error","message":"Error getting video duration: Error: Cannot find ffprobe","timestamp":"2025-04-30T17:47:19.910Z"}
{"level":"error","message":"Failed to download image from https://unfocussed.com/cdn/shop/articles/Mindscapes_Unveiled_904594db-e73a-4b1d-aef1-66f698acaa59.png?crop=center&format=jpg&height=1200&v=1710877078&width=2400: Error: Downloaded data does not appear to be an image","timestamp":"2025-04-30T17:47:28.386Z"}
{"level":"error","message":"Failed to download image from https://render.fineartamerica.com/images/rendered/share/57186092&domainId=12: Error: Downloaded file too small or empty","timestamp":"2025-04-30T17:47:29.196Z"}
{"level":"error","message":"Failed to download image from https://unfocussed.com/cdn/shop/articles/The_Protector_of_the_Enchanted_Forest.png?crop=center&format=jpg&height=1200&v=1712672257&width=2400: Error: Downloaded data does not appear to be an image","timestamp":"2025-04-30T17:47:29.637Z"}
{"level":"error","message":"Error getting video duration: Error: Cannot find ffprobe","timestamp":"2025-04-30T17:49:22.241Z"}
{"level":"error","message":"Failed to download image from https://lookaside.instagram.com/seo/google_widget/crawler/?media_id=3609502655069208359: Error: Downloaded data does not appear to be an image","timestamp":"2025-04-30T17:49:33.359Z"}
{"level":"error","message":"Failed to download image from https://lookaside.fbsbx.com/lookaside/crawler/media/?media_id=675929901905321: Error: Downloaded file too small or empty","timestamp":"2025-04-30T17:49:34.049Z"}
{"level":"error","message":"Failed to download image from https://lookaside.instagram.com/seo/google_widget/crawler/?media_id=3609502655220114946: Error: Downloaded data does not appear to be an image","timestamp":"2025-04-30T17:49:35.914Z"}
{"level":"error","message":"Failed to download image from https://lookaside.fbsbx.com/lookaside/crawler/media/?media_id=10229674721988705: Error: Downloaded file too small or empty","timestamp":"2025-04-30T17:49:36.133Z"}
{"level":"error","message":"Failed to download image from https://lookaside.instagram.com/seo/google_widget/crawler/?media_id=3612687468093662774: Error: Downloaded data does not appear to be an image","timestamp":"2025-04-30T17:49:38.087Z"}
{"level":"error","message":"Failed to download image from https://lookaside.fbsbx.com/lookaside/crawler/media/?media_id=684646174725017: Error: Downloaded file too small or empty","timestamp":"2025-04-30T17:49:38.320Z"}
{"level":"error","message":"Failed to download image from https://lookaside.instagram.com/seo/google_widget/crawler/?media_id=3609502655228546638: Error: Downloaded data does not appear to be an image","timestamp":"2025-04-30T17:49:40.443Z"}
{"level":"error","message":"Failed to download image from https://lookaside.fbsbx.com/lookaside/crawler/media/?media_id=574316355232099: Error: Downloaded file too small or empty","timestamp":"2025-04-30T17:49:40.684Z"}
{"level":"error","message":"Failed to download image from https://lookaside.instagram.com/seo/google_widget/crawler/?media_id=3609502655237013457: Error: Downloaded data does not appear to be an image","timestamp":"2025-04-30T17:49:42.718Z"}
{"level":"error","message":"Failed to download image from https://lookaside.fbsbx.com/lookaside/crawler/media/?media_id=585074744379019: Error: Downloaded file too small or empty","timestamp":"2025-04-30T17:49:42.948Z"}
{"level":"error","message":"Failed to download image from https://lookaside.instagram.com/seo/google_widget/crawler/?media_id=3609502655069208359: Error: Downloaded data does not appear to be an image","timestamp":"2025-04-30T17:49:54.270Z"}
{"level":"error","message":"Failed to download image from https://i.cbc.ca/1.6350474.1644793543!/fileImage/httpImage/image.jpg_gen/derivatives/16x9_1180/jim-sautner.jpg?im=Resize%3D620: Error: Downloaded data does not appear to be an image","timestamp":"2025-04-30T17:49:56.071Z"}
{"level":"error","message":"Failed to download image from https://lookaside.instagram.com/seo/google_widget/crawler/?media_id=3609502655237013457: Error: Downloaded data does not appear to be an image","timestamp":"2025-04-30T17:49:59.181Z"}
{"level":"error","message":"Failed to download image from https://i.cbc.ca/1.6350474.1644793543!/fileImage/httpImage/image.jpg_gen/derivatives/16x9_1180/jim-sautner.jpg?im=Resize%3D780: Error: Downloaded data does not appear to be an image","timestamp":"2025-04-30T17:49:59.483Z"}
{"level":"error","message":"Failed to download image from https://lookaside.instagram.com/seo/google_widget/crawler/?media_id=3609502655220114946: Error: Downloaded data does not appear to be an image","timestamp":"2025-04-30T17:50:01.370Z"}
{"level":"error","message":"Failed to download image from https://lookaside.fbsbx.com/lookaside/crawler/media/?media_id=122134082486608161: Error: Downloaded file too small or empty","timestamp":"2025-04-30T17:50:01.917Z"}
{"level":"error","message":"Failed to download image from https://lookaside.instagram.com/seo/google_widget/crawler/?media_id=3609502655228546638: Error: Downloaded data does not appear to be an image","timestamp":"2025-04-30T17:50:03.855Z"}
{"level":"error","message":"Error getting video duration: Error: Cannot find ffprobe","timestamp":"2025-04-30T17:51:33.683Z"}
{"level":"error","message":"Error getting video duration: Error: Cannot find ffprobe","timestamp":"2025-04-30T17:53:12.151Z"}
{"level":"error","message":"Error getting video duration: Error: Cannot find ffprobe","timestamp":"2025-05-01T17:43:22.655Z"}
{"level":"error","message":"Failed to download image from https://readjumpscares.com/wp-content/uploads/2023/11/2024-new-horror.png?w=1024: Error: Downloaded data does not appear to be an image","timestamp":"2025-05-01T17:43:32.709Z"}
{"level":"error","message":"Error getting video duration: Error: Cannot find ffprobe","timestamp":"2025-05-01T17:45:04.260Z"}
{"level":"error","message":"Error getting video duration: Error: Cannot find ffprobe","timestamp":"2025-05-01T17:46:47.190Z"}
{"level":"error","message":"Failed to download image from https://img.etimg.com/thumb/width-1200,height-900,imgsize-53786,resizemode-75,msid-118648595/magazines/panache/strange-ocean-events-from-anglerfish-sighting-to-stranded-whales-what-are-deep-sea-creatures-warning-us-about.jpg: Error: Downloaded data does not appear to be an image","timestamp":"2025-05-01T17:47:46.665Z"}
{"level":"error","message":"Failed to download image from https://media.hswstatic.com/eyJidWNrZXQiOiJjb250ZW50Lmhzd3N0YXRpYy5jb20iLCJrZXkiOiJnaWZcL25vdy0xNTJmMTZhNy05NGY0LTQyZDAtOGFiYy0yYjk1N2RkMGJmNTgtMTIxMC02ODAuanBnIiwiZWRpdHMiOnsicmVzaXplIjp7IndpZHRoIjo4Mjh9fX0=: Error: Downloaded data does not appear to be an image","timestamp":"2025-05-01T17:47:47.624Z"}
{"level":"error","message":"Failed to download image from https://img.etimg.com/thumb/width-1600,height-900,imgsize-53786,resizemode-75,msid-118648595/magazines/panache/strange-ocean-events-from-anglerfish-sighting-to-stranded-whales-what-are-deep-sea-creatures-warning-us-about.jpg: Error: Downloaded data does not appear to be an image","timestamp":"2025-05-01T17:47:48.219Z"}
{"level":"error","message":"Failed to download image from https://www.popsci.com/wp-content/uploads/2024/02/27/chaunacops-fish-lead.jpg?quality=85: Error: Downloaded data does not appear to be an image","timestamp":"2025-05-01T17:47:50.223Z"}
{"level":"error","message":"Failed to download image from https://img.etimg.com/thumb/width-1200,height-1200,imgsize-53786,resizemode-75,msid-118648595/magazines/panache/strange-ocean-events-from-anglerfish-sighting-to-stranded-whales-what-are-deep-sea-creatures-warning-us-about.jpg: Error: Downloaded data does not appear to be an image","timestamp":"2025-05-01T17:47:50.472Z"}
{"level":"error","message":"Failed to download image from https://platform.vox.com/wp-content/uploads/sites/2/chorus/uploads/chorus_asset/file/22456824/twilight_final.jpg?quality=90&strip=all&crop=0,0,100,100: Error: Downloaded data does not appear to be an image","timestamp":"2025-05-01T17:47:53.338Z"}
{"level":"error","message":"Failed to download image from https://img.etimg.com/thumb/width-640,height-480,imgsize-53786,resizemode-75,msid-118649198/magazines/panache/strange-ocean-events-from-anglerfish-sighting-to-stranded-whales-what-are-deep-sea-creatures-warning-us-about/deep-sea-creatures-fleeing-to-the-surface.jpg: Error: Downloaded data does not appear to be an image","timestamp":"2025-05-01T17:47:53.945Z"}
{"level":"error","message":"Failed to download image from https://m.economictimes.com/thumb/msid-118649198,width-1600,height-900,resizemode-4,imgsize-53786/deep-sea-creatures-fleeing-to-the-surface.jpg: Error: Downloaded data does not appear to be an image","timestamp":"2025-05-01T17:47:55.729Z"}
{"level":"error","message":"Failed to download image from https://img.etimg.com/thumb/width-1200,height-900,imgsize-53786,resizemode-75,msid-118648595/magazines/panache/strange-ocean-events-from-anglerfish-sighting-to-stranded-whales-what-are-deep-sea-creatures-warning-us-about.jpg: Error: Downloaded data does not appear to be an image","timestamp":"2025-05-01T17:47:57.155Z"}
{"level":"error","message":"Failed to download image from https://www.popsci.com/wp-content/uploads/2024/02/27/chaunacops-fish-lead.jpg?quality=85: Error: Downloaded data does not appear to be an image","timestamp":"2025-05-01T17:47:58.612Z"}
{"level":"error","message":"Failed to download image from https://img.etimg.com/thumb/width-1600,height-900,imgsize-53786,resizemode-75,msid-118648595/magazines/panache/strange-ocean-events-from-anglerfish-sighting-to-stranded-whales-what-are-deep-sea-creatures-warning-us-about.jpg: Error: Downloaded data does not appear to be an image","timestamp":"2025-05-01T17:47:58.855Z"}
{"level":"error","message":"Failed to download image from https://platform.vox.com/wp-content/uploads/sites/2/chorus/uploads/chorus_asset/file/22456824/twilight_final.jpg?quality=90&strip=all&crop=0,0,100,100: Error: Downloaded data does not appear to be an image","timestamp":"2025-05-01T17:48:00.236Z"}
{"level":"error","message":"Failed to download image from https://img.etimg.com/thumb/width-1200,height-1200,imgsize-53786,resizemode-75,msid-118648595/magazines/panache/strange-ocean-events-from-anglerfish-sighting-to-stranded-whales-what-are-deep-sea-creatures-warning-us-about.jpg: Error: Downloaded data does not appear to be an image","timestamp":"2025-05-01T17:48:00.473Z"}
{"level":"error","message":"Failed to download image from https://www.tiktok.com/api/img/?itemId=7406092019673615658&location=0&aid=1988: Error: Downloaded file too small or empty","timestamp":"2025-05-01T17:48:01.094Z"}
{"level":"error","message":"Failed to download image from https://img.etimg.com/thumb/width-420,height-315,imgsize-53786,resizemode-75,msid-118649198/magazines/panache/strange-ocean-events-from-anglerfish-sighting-to-stranded-whales-what-are-deep-sea-creatures-warning-us-about/deep-sea-creatures-fleeing-to-the-surface.jpg: Error: Downloaded data does not appear to be an image","timestamp":"2025-05-01T17:48:01.363Z"}
{"level":"error","message":"Failed to download image from https://m.economictimes.com/thumb/msid-118649198,width-1200,height-900,resizemode-4,imgsize-53786/deep-sea-creatures-fleeing-to-the-surface.jpg: Error: Downloaded data does not appear to be an image","timestamp":"2025-05-01T17:48:02.370Z"}
{"level":"error","message":"Failed to download image from https://img.etimg.com/thumb/width-640,height-480,imgsize-53786,resizemode-75,msid-118649198/magazines/panache/strange-ocean-events-from-anglerfish-sighting-to-stranded-whales-what-are-deep-sea-creatures-warning-us-about/deep-sea-creatures-fleeing-to-the-surface.jpg: Error: Downloaded data does not appear to be an image","timestamp":"2025-05-01T17:48:02.565Z"}
{"level":"error","message":"Failed to download image from https://media.hswstatic.com/eyJidWNrZXQiOiJjb250ZW50Lmhzd3N0YXRpYy5jb20iLCJrZXkiOiJnaWZcL25vdy0xNTJmMTZhNy05NGY0LTQyZDAtOGFiYy0yYjk1N2RkMGJmNTgtMTIxMC02ODAuanBnIiwiZWRpdHMiOnsicmVzaXplIjp7IndpZHRoIjo4Mjh9fX0=: Error: Downloaded data does not appear to be an image","timestamp":"2025-05-01T17:48:03.149Z"}
{"level":"error","message":"Failed to download image from https://readjumpscares.com/wp-content/uploads/2023/09/oct-2023-new-horror.png?w=1024: Error: Downloaded data does not appear to be an image","timestamp":"2025-05-01T17:48:06.265Z"}
{"level":"error","message":"Failed to download image from https://preview.redd.it/kvw3gtxb44a61.jpg?width=640&crop=smart&auto=webp&s=eecd98139c242f58fc8ed3a8a44eae58a37cafcd: Error: Downloaded data does not appear to be an image","timestamp":"2025-05-01T17:48:07.231Z"}
{"level":"error","message":"Failed to download image from https://lookaside.fbsbx.com/lookaside/crawler/media/?media_id=1165073871641668: Error: Downloaded file too small or empty","timestamp":"2025-05-01T17:48:07.992Z"}
{"level":"error","message":"Failed to download image from https://saboscrivner.com/wp-content/uploads/2025/04/bobsbigboy10.jpg?w=768: Error: Downloaded data does not appear to be an image","timestamp":"2025-05-01T17:48:09.526Z"}
{"level":"error","message":"Error getting video duration: Error: Cannot find ffprobe","timestamp":"2025-05-01T17:49:57.813Z"}
{"level":"error","message":"Failed to download image from https://readjumpscares.com/wp-content/uploads/2023/11/2024-new-horror.png?w=1024: Error: Downloaded data does not appear to be an image","timestamp":"2025-05-01T17:50:07.516Z"}
{"level":"error","message":"Failed to download image from https://snargl.com/images/spirit-wraith-1/spirit-wraith-ghostly-figure-standing.webp: Error: Downloaded data does not appear to be an image","timestamp":"2025-05-01T17:50:09.294Z"}
{"level":"error","message":"Error getting video duration: Error: Cannot find ffprobe","timestamp":"2025-05-01T17:52:26.313Z"}
{"level":"error","message":"Error getting video duration: Error: Cannot find ffprobe","timestamp":"2025-05-01T17:54:44.875Z"}
{"level":"error","message":"Error getting video duration: Error: Cannot find ffprobe","timestamp":"2025-05-01T17:57:47.132Z"}
{"level":"error","message":"Error getting video duration: Error: Cannot find ffprobe","timestamp":"2025-05-01T17:59:39.911Z"}
{"level":"error","message":"Failed to download image from https://www.tiktok.com/api/img/?itemId=7405341057510133035&location=0&aid=1988: Error: Downloaded file too small or empty","timestamp":"2025-05-01T17:59:49.292Z"}
{"level":"error","message":"Error getting video duration: Error: Cannot find ffprobe","timestamp":"2025-05-01T18:01:02.512Z"}
{"level":"error","message":"Failed to download image from https://www.capradio.org/cdn-cgi/image/format=auto,width=780/media/12277134/dosriosedna.jpg: Error: Downloaded data does not appear to be an image","timestamp":"2025-05-01T20:28:09.083Z"}
